TN:
SF:src\app.module.ts
FN:65,(anonymous_2)
FN:72,(anonymous_3)
FN:83,(anonymous_4)
FN:93,(anonymous_5)
FN:94,(anonymous_6)
FN:117,(anonymous_7)
FNF:6
FNH:0
FNDA:0,(anonymous_2)
FNDA:0,(anonymous_3)
FNDA:0,(anonymous_4)
FNDA:0,(anonymous_5)
FNDA:0,(anonymous_6)
FNDA:0,(anonymous_7)
DA:1,0
DA:2,0
DA:3,0
DA:4,0
DA:5,0
DA:6,0
DA:7,0
DA:8,0
DA:9,0
DA:10,0
DA:11,0
DA:12,0
DA:13,0
DA:14,0
DA:15,0
DA:16,0
DA:17,0
DA:18,0
DA:19,0
DA:20,0
DA:21,0
DA:22,0
DA:23,0
DA:24,0
DA:25,0
DA:26,0
DA:27,0
DA:28,0
DA:29,0
DA:30,0
DA:31,0
DA:32,0
DA:33,0
DA:34,0
DA:35,0
DA:36,0
DA:37,0
DA:38,0
DA:39,0
DA:40,0
DA:41,0
DA:42,0
DA:43,0
DA:44,0
DA:45,0
DA:46,0
DA:47,0
DA:48,0
DA:49,0
DA:50,0
DA:51,0
DA:66,0
DA:73,0
DA:84,0
DA:85,0
DA:86,0
DA:87,0
DA:88,0
DA:89,0
DA:91,0
DA:94,0
DA:98,0
DA:99,0
DA:100,0
DA:104,0
DA:106,0
DA:107,0
DA:108,0
DA:111,0
DA:118,0
DA:119,0
DA:120,0
DA:168,0
LF:73
LH:0
BRDA:55,0,0,0
BRDA:55,0,1,0
BRDA:59,1,0,0
BRDA:59,1,1,0
BRDA:62,2,0,0
BRDA:62,2,1,0
BRDA:85,3,0,0
BRDA:85,3,1,0
BRDA:86,4,0,0
BRDA:86,4,1,0
BRDA:106,5,0,0
BRDA:106,5,1,0
BRDA:119,6,0,0
BRDA:119,6,1,0
BRDA:120,7,0,0
BRDA:120,7,1,0
BRDA:164,8,0,0
BRDA:164,8,1,0
BRF:18
BRH:0
end_of_record
TN:
SF:src\instrument.ts
FNF:0
FNH:0
DA:1,0
DA:2,0
DA:6,0
DA:7,0
LF:4
LH:0
BRDA:6,0,0,0
BRDA:6,0,1,0
BRDA:9,1,0,0
BRDA:9,1,1,0
BRDA:11,2,0,0
BRDA:11,2,1,0
BRF:6
BRH:0
end_of_record
TN:
SF:src\main.ts
FN:13,bootstrap
FN:55,(anonymous_1)
FNF:2
FNH:0
FNDA:0,bootstrap
FNDA:0,(anonymous_1)
DA:1,0
DA:2,0
DA:3,0
DA:4,0
DA:8,0
DA:9,0
DA:10,0
DA:11,0
DA:14,0
DA:19,0
DA:22,0
DA:25,0
DA:37,0
DA:43,0
DA:54,0
DA:57,0
DA:58,0
DA:59,0
DA:60,0
DA:68,0
DA:71,0
DA:72,0
DA:78,0
DA:81,0
DA:83,0
DA:104,0
DA:105,0
DA:106,0
DA:107,0
DA:108,0
DA:109,0
DA:113,0
LF:32
LH:0
BRDA:57,0,0,0
BRDA:57,0,1,0
BRDA:58,1,0,0
BRDA:58,1,1,0
BRDA:59,2,0,0
BRDA:59,2,1,0
BRDA:71,3,0,0
BRDA:71,3,1,0
BRDA:104,4,0,0
BRDA:104,4,1,0
BRDA:108,5,0,0
BRDA:108,5,1,0
BRF:12
BRH:0
end_of_record
TN:
SF:src\common\cloudinary.helper.ts
FN:7,deleteCloudinaryImages
FN:11,(anonymous_1)
FN:13,(anonymous_2)
FNF:3
FNH:0
FNDA:0,deleteCloudinaryImages
FNDA:0,(anonymous_1)
FNDA:0,(anonymous_2)
DA:7,0
DA:11,0
DA:12,0
DA:13,0
LF:4
LH:0
BRDA:11,0,0,0
BRDA:11,0,1,0
BRDA:12,1,0,0
BRDA:12,1,1,0
BRF:4
BRH:0
end_of_record
TN:
SF:src\common\pagination.ts
FN:13,parsePagination
FN:19,buildPageMeta
FNF:2
FNH:0
FNDA:0,parsePagination
FNDA:0,buildPageMeta
DA:13,10
DA:14,0
DA:15,0
DA:16,0
DA:19,10
DA:20,0
LF:6
LH:2
BRDA:14,0,0,0
BRDA:14,0,1,0
BRDA:15,1,0,0
BRDA:15,1,1,0
BRF:4
BRH:0
end_of_record
TN:
SF:src\common\prisma-includes.ts
FNF:0
FNH:0
DA:7,8
DA:16,8
LF:2
LH:2
BRF:0
BRH:0
end_of_record
TN:
SF:src\common\prisma.utils.ts
FN:7,findBySlugOrThrow
FN:24,paginatedQuery
FNF:2
FNH:0
FNDA:0,findBySlugOrThrow
FNDA:0,paginatedQuery
DA:1,8
DA:7,8
DA:12,0
DA:13,0
DA:14,0
DA:24,8
DA:30,0
DA:31,0
DA:32,0
LF:9
LH:3
BRDA:13,0,0,0
BRDA:13,0,1,0
BRF:2
BRH:0
end_of_record
TN:
SF:src\common\decorators\auth.decorators.ts
FN:5,(anonymous_0)
FN:6,(anonymous_1)
FN:9,(anonymous_2)
FNF:3
FNH:0
FNDA:0,(anonymous_0)
FNDA:0,(anonymous_1)
FNDA:0,(anonymous_2)
DA:1,0
DA:3,0
DA:4,0
DA:5,0
DA:6,0
DA:8,0
DA:9,0
LF:7
LH:0
BRF:0
BRH:0
end_of_record
TN:
SF:src\common\decorators\current-user.decorator.ts
FN:4,(anonymous_0)
FNF:1
FNH:0
FNDA:0,(anonymous_0)
DA:1,0
DA:3,0
DA:5,0
DA:6,0
LF:4
LH:0
BRF:0
BRH:0
end_of_record
TN:
SF:src\common\dto\price.dto.ts
FNF:0
FNH:0
DA:1,0
DA:4,0
DA:7,0
DA:11,0
DA:15,0
DA:18,0
DA:22,0
DA:26,0
DA:29,0
DA:33,0
LF:10
LH:0
BRF:0
BRH:0
end_of_record
TN:
SF:src\common\guards\jwt-auth.guard.ts
FN:8,(anonymous_2)
FN:12,(anonymous_3)
FN:22,(anonymous_4)
FNF:3
FNH:0
FNDA:0,(anonymous_2)
FNDA:0,(anonymous_3)
FNDA:0,(anonymous_4)
DA:1,0
DA:2,0
DA:3,0
DA:4,0
DA:7,0
DA:8,0
DA:9,0
DA:13,0
DA:17,0
DA:18,0
DA:23,0
DA:27,0
DA:28,0
DA:29,0
LF:14
LH:0
BRDA:17,0,0,0
BRDA:17,0,1,0
BRDA:27,1,0,0
BRDA:27,1,1,0
BRDA:27,2,0,0
BRDA:27,2,1,0
BRDA:28,3,0,0
BRDA:28,3,1,0
BRDA:28,4,0,0
BRDA:28,4,1,0
BRDA:28,5,0,0
BRDA:28,5,1,0
BRF:12
BRH:0
end_of_record
TN:
SF:src\common\guards\optional-jwt.guard.ts
FN:7,(anonymous_1)
FN:12,(anonymous_2)
FNF:2
FNH:0
FNDA:0,(anonymous_1)
FNDA:0,(anonymous_2)
DA:1,0
DA:2,0
DA:6,0
DA:8,0
DA:13,0
LF:5
LH:0
BRDA:13,0,0,0
BRDA:13,0,1,0
BRF:2
BRH:0
end_of_record
TN:
SF:src\common\guards\roles.guard.ts
FN:7,(anonymous_2)
FN:9,(anonymous_3)
FNF:2
FNH:0
FNDA:0,(anonymous_2)
FNDA:0,(anonymous_3)
DA:1,0
DA:2,0
DA:3,0
DA:6,0
DA:7,0
DA:10,0
DA:14,0
DA:16,0
DA:20,0
DA:22,0
DA:23,0
DA:24,0
DA:26,0
LF:13
LH:0
BRDA:14,0,0,0
BRDA:14,0,1,0
BRDA:20,1,0,0
BRDA:20,1,1,0
BRDA:23,2,0,0
BRDA:23,2,1,0
BRF:6
BRH:0
end_of_record
TN:
SF:src\common\guards\throttler-skip-test.guard.ts
FN:13,(anonymous_1)
FNF:1
FNH:0
FNDA:0,(anonymous_1)
DA:1,0
DA:2,0
DA:10,0
DA:11,0
DA:14,0
DA:15,0
DA:16,0
DA:20,0
DA:21,0
LF:9
LH:0
BRDA:14,0,0,0
BRDA:14,0,1,0
BRDA:20,1,0,0
BRDA:20,1,1,0
BRF:4
BRH:0
end_of_record
TN:
SF:src\common\interceptors\cache-control.interceptor.ts
FN:7,(anonymous_2)
FN:9,(anonymous_3)
FN:16,(anonymous_4)
FNF:3
FNH:0
FNDA:0,(anonymous_2)
FNDA:0,(anonymous_3)
FNDA:0,(anonymous_4)
DA:1,0
DA:3,0
DA:6,0
DA:7,0
DA:10,0
DA:11,0
DA:14,0
DA:15,0
DA:17,0
DA:18,0
LF:10
LH:0
BRDA:7,0,0,0
BRDA:11,1,0,0
BRDA:11,1,1,0
BRF:3
BRH:0
end_of_record
TN:
SF:src\common\utils\assert-company-access.util.ts
FN:9,assertCompanyAccess
FNF:1
FNH:0
FNDA:0,assertCompanyAccess
DA:1,0
DA:9,0
DA:10,0
DA:11,0
LF:4
LH:0
BRDA:10,0,0,0
BRDA:10,0,1,0
BRDA:10,1,0,0
BRDA:10,1,1,0
BRDA:11,2,0,0
BRDA:11,2,1,0
BRF:6
BRH:0
end_of_record
TN:
SF:src\common\utils\assert-ownership.util.ts
FN:7,assertOwnership
FNF:1
FNH:1
FNDA:11,assertOwnership
DA:1,2
DA:7,2
DA:8,11
LF:3
LH:3
BRDA:8,0,0,4
BRDA:8,0,1,7
BRF:2
BRH:2
end_of_record
TN:
SF:src\common\utils\ownership-history.util.ts
FN:9,recordOwnershipHistory
FN:16,(anonymous_1)
FN:27,recordOwnershipHistoryAsync
FN:35,(anonymous_3)
FNF:4
FNH:2
FNDA:7,recordOwnershipHistory
FNDA:7,(anonymous_1)
FNDA:0,recordOwnershipHistoryAsync
FNDA:0,(anonymous_3)
DA:9,1
DA:15,7
DA:16,7
DA:27,1
DA:33,0
LF:5
LH:4
BRDA:19,0,0,7
BRDA:19,0,1,7
BRDA:34,1,0,0
BRDA:34,1,1,0
BRF:4
BRH:2
end_of_record
TN:
SF:src\common\utils\renewal-date.util.ts
FN:4,incrementMonth
FN:12,shiftMonth
FN:24,renewalMonthFromBoxMonth
FN:37,computePastRenewalDates
FN:68,(anonymous_4)
FN:82,computeNextRenewalDate
FN:118,(anonymous_6)
FN:142,computeNextRenewalDatePrepaid
FN:150,(anonymous_8)
FN:203,refreshNextRenewalDate
FN:299,(anonymous_10)
FN:375,backfillRenewalHistory
FN:438,(anonymous_12)
FN:448,(anonymous_13)
FN:469,(anonymous_14)
FNF:15
FNH:15
FNDA:2380,incrementMonth
FNDA:147,shiftMonth
FNDA:147,renewalMonthFromBoxMonth
FNDA:115,computePastRenewalDates
FNDA:996,(anonymous_4)
FNDA:148,computeNextRenewalDate
FNDA:180,(anonymous_6)
FNDA:5,computeNextRenewalDatePrepaid
FNDA:3,(anonymous_8)
FNDA:74,refreshNextRenewalDate
FNDA:16,(anonymous_10)
FNDA:100,backfillRenewalHistory
FNDA:20,(anonymous_12)
FNDA:332,(anonymous_13)
FNDA:217,(anonymous_14)
DA:2,21
DA:5,2380
DA:13,147
DA:14,147
DA:15,147
DA:16,147
DA:17,147
DA:24,21
DA:25,147
DA:37,21
DA:45,115
DA:46,115
DA:47,115
DA:49,115
DA:50,115
DA:52,115
DA:54,1928
DA:55,1598
DA:56,1598
DA:57,1124
DA:58,1124
DA:62,804
DA:63,804
DA:65,804
DA:67,689
DA:68,996
DA:69,686
DA:72,689
DA:75,115
DA:82,21
DA:94,148
DA:95,148
DA:96,148
DA:97,148
DA:99,148
DA:100,666
DA:101,523
DA:102,523
DA:103,355
DA:104,355
DA:108,311
DA:109,15
DA:110,15
DA:111,15
DA:112,6
DA:113,6
DA:117,305
DA:118,305
DA:120,305
DA:121,198
DA:122,99
DA:123,99
DA:125,99
DA:129,160
DA:131,3
DA:142,21
DA:150,5
DA:151,5
DA:157,5
DA:158,1
DA:159,1
DA:162,4
DA:163,4
DA:164,4
DA:165,4
DA:166,4
DA:171,5
DA:172,9
DA:173,9
DA:174,9
DA:176,9
DA:177,42
DA:178,39
DA:180,42
DA:181,33
DA:186,9
DA:187,9
DA:189,9
DA:192,4
DA:193,4
DA:196,0
DA:203,21
DA:207,74
DA:246,74
DA:248,22
DA:249,1
DA:253,1
DA:256,21
DA:259,21
DA:260,21
DA:276,21
DA:277,21
DA:280,21
DA:286,21
DA:287,21
DA:289,21
DA:293,21
DA:297,21
DA:299,21
DA:300,16
DA:301,16
DA:305,21
DA:306,21
DA:307,0
DA:308,0
DA:309,0
DA:310,0
DA:313,0
DA:314,0
DA:315,0
DA:316,0
DA:317,0
DA:319,0
DA:330,0
DA:331,0
DA:333,0
DA:334,0
DA:337,21
DA:339,21
DA:342,21
DA:343,0
DA:344,0
DA:345,0
DA:354,21
DA:364,21
DA:375,21
DA:379,100
DA:415,100
DA:417,47
DA:418,47
DA:426,47
DA:436,47
DA:438,47
DA:439,20
DA:440,20
DA:444,47
DA:445,47
DA:448,47
DA:449,332
DA:450,332
DA:453,47
DA:465,47
DA:468,45
DA:470,217
LF:144
LH:126
BRDA:5,0,0,152
BRDA:5,0,1,2228
BRDA:54,1,0,1598
BRDA:54,1,1,330
BRDA:54,2,0,1928
BRDA:54,2,1,1598
BRDA:56,3,0,1124
BRDA:56,3,1,474
BRDA:62,4,0,285
BRDA:62,4,1,519
BRDA:65,5,0,115
BRDA:65,5,1,689
BRDA:67,6,0,686
BRDA:67,6,1,3
BRDA:68,7,0,996
BRDA:68,7,1,528
BRDA:69,8,0,602
BRDA:69,8,1,84
BRDA:87,9,0,75
BRDA:92,10,0,119
BRDA:100,11,0,523
BRDA:100,11,1,143
BRDA:100,12,0,666
BRDA:100,12,1,523
BRDA:102,13,0,355
BRDA:102,13,1,168
BRDA:108,14,0,15
BRDA:108,14,1,296
BRDA:111,15,0,6
BRDA:111,15,1,9
BRDA:111,16,0,15
BRDA:111,16,1,15
BRDA:118,17,0,180
BRDA:118,17,1,168
BRDA:120,18,0,198
BRDA:120,18,1,107
BRDA:120,19,0,305
BRDA:120,19,1,242
BRDA:121,20,0,99
BRDA:121,20,1,99
BRDA:123,21,0,46
BRDA:123,21,1,53
BRDA:157,22,0,1
BRDA:157,22,1,4
BRDA:157,23,0,5
BRDA:157,23,1,1
BRDA:165,24,0,4
BRDA:165,24,1,0
BRDA:177,25,0,39
BRDA:177,25,1,3
BRDA:180,26,0,33
BRDA:180,26,1,9
BRDA:189,27,0,5
BRDA:189,27,1,4
BRDA:246,28,0,52
BRDA:246,28,1,22
BRDA:248,29,0,1
BRDA:248,29,1,21
BRDA:259,30,0,21
BRDA:259,30,1,14
BRDA:261,31,0,21
BRDA:261,31,1,0
BRDA:262,32,0,21
BRDA:262,32,1,14
BRDA:263,33,0,21
BRDA:263,33,1,0
BRDA:264,34,0,21
BRDA:264,34,1,0
BRDA:265,35,0,21
BRDA:265,35,1,0
BRDA:277,36,0,2
BRDA:277,36,1,19
BRDA:278,37,0,2
BRDA:278,37,1,1
BRDA:279,38,0,19
BRDA:279,38,1,0
BRDA:282,39,0,21
BRDA:282,39,1,0
BRDA:283,40,0,21
BRDA:283,40,1,7
BRDA:284,41,0,21
BRDA:284,41,1,0
BRDA:286,42,0,21
BRDA:286,42,1,0
BRDA:287,43,0,21
BRDA:287,43,1,0
BRDA:293,44,0,2
BRDA:293,44,1,19
BRDA:294,45,0,2
BRDA:294,45,1,1
BRDA:295,46,0,19
BRDA:295,46,1,0
BRDA:306,47,0,0
BRDA:306,47,1,21
BRDA:306,48,0,21
BRDA:306,48,1,0
BRDA:313,49,0,0
BRDA:313,49,1,0
BRDA:316,50,0,0
BRDA:316,50,1,0
BRDA:330,51,0,0
BRDA:330,51,1,0
BRDA:331,52,0,0
BRDA:331,52,1,0
BRDA:339,53,0,21
BRDA:339,53,1,21
BRDA:339,54,0,0
BRDA:339,54,1,21
BRDA:342,55,0,0
BRDA:342,55,1,21
BRDA:342,56,0,21
BRDA:342,56,1,0
BRDA:344,57,0,0
BRDA:344,57,1,0
BRDA:344,58,0,0
BRDA:344,58,1,0
BRDA:356,59,0,21
BRDA:356,59,1,0
BRDA:357,60,0,21
BRDA:357,60,1,7
BRDA:358,61,0,21
BRDA:358,61,1,0
BRDA:366,62,0,21
BRDA:366,62,1,0
BRDA:415,63,0,53
BRDA:415,63,1,47
BRDA:418,64,0,47
BRDA:418,64,1,0
BRDA:427,65,0,47
BRDA:427,65,1,0
BRDA:428,66,0,47
BRDA:428,66,1,0
BRDA:429,67,0,47
BRDA:429,67,1,47
BRDA:430,68,0,47
BRDA:430,68,1,47
BRDA:431,69,0,47
BRDA:431,69,1,0
BRDA:445,70,0,47
BRDA:445,70,1,0
BRDA:445,71,0,47
BRDA:445,71,1,1
BRDA:450,72,0,31
BRDA:450,72,1,301
BRDA:450,73,0,31
BRDA:450,73,1,0
BRDA:450,74,0,301
BRDA:450,74,1,0
BRDA:458,75,0,47
BRDA:458,75,1,0
BRDA:459,76,0,47
BRDA:459,76,1,29
BRDA:465,77,0,2
BRDA:465,77,1,45
BRF:154
BRH:115
end_of_record
TN:
SF:src\common\utils\slug.util.ts
FN:7,generateSlug
FN:19,generateSubscriptionSlug
FN:36,generateSlugFromParts
FNF:3
FNH:0
FNDA:0,generateSlug
FNDA:0,generateSubscriptionSlug
FNDA:0,generateSlugFromParts
DA:1,8
DA:2,8
DA:5,8
DA:7,8
DA:8,0
DA:9,0
DA:10,0
DA:19,8
DA:20,0
DA:21,0
DA:24,0
DA:29,0
DA:32,0
DA:33,0
DA:36,8
DA:37,0
DA:38,0
LF:17
LH:6
BRDA:24,0,0,0
BRDA:24,0,1,0
BRDA:32,1,0,0
BRDA:32,1,1,0
BRF:4
BRH:0
end_of_record
TN:
SF:src\modules\admin\admin.controller.ts
FN:15,(anonymous_4)
FN:22,(anonymous_5)
FN:27,(anonymous_6)
FN:33,(anonymous_7)
FN:38,(anonymous_8)
FN:43,(anonymous_9)
FN:49,(anonymous_10)
FN:55,(anonymous_11)
FN:65,(anonymous_12)
FN:78,(anonymous_13)
FN:84,(anonymous_14)
FN:89,(anonymous_15)
FN:94,(anonymous_16)
FN:102,(anonymous_17)
FN:107,(anonymous_18)
FNF:15
FNH:0
FNDA:0,(anonymous_4)
FNDA:0,(anonymous_5)
FNDA:0,(anonymous_6)
FNDA:0,(anonymous_7)
FNDA:0,(anonymous_8)
FNDA:0,(anonymous_9)
FNDA:0,(anonymous_10)
FNDA:0,(anonymous_11)
FNDA:0,(anonymous_12)
FNDA:0,(anonymous_13)
FNDA:0,(anonymous_14)
FNDA:0,(anonymous_15)
FNDA:0,(anonymous_16)
FNDA:0,(anonymous_17)
FNDA:0,(anonymous_18)
DA:1,0
DA:2,0
DA:3,0
DA:4,0
DA:5,0
DA:6,0
DA:7,0
DA:8,0
DA:14,0
DA:16,0
DA:17,0
DA:22,0
DA:23,0
DA:27,0
DA:28,0
DA:33,0
DA:34,0
DA:38,0
DA:39,0
DA:43,0
DA:44,0
DA:49,0
DA:50,0
DA:55,0
DA:60,0
DA:65,0
DA:69,0
DA:70,0
DA:72,0
DA:78,0
DA:79,0
DA:84,0
DA:85,0
DA:89,0
DA:90,0
DA:94,0
DA:98,0
DA:102,0
DA:103,0
DA:107,0
DA:108,0
LF:41
LH:0
BRF:0
BRH:0
end_of_record
TN:
SF:src\modules\admin\admin.dto.ts
FN:11,(anonymous_2)
FN:12,(anonymous_3)
FN:20,(anonymous_4)
FN:21,(anonymous_5)
FN:35,(anonymous_6)
FN:36,(anonymous_7)
FNF:6
FNH:0
FNDA:0,(anonymous_2)
FNDA:0,(anonymous_3)
FNDA:0,(anonymous_4)
FNDA:0,(anonymous_5)
FNDA:0,(anonymous_6)
FNDA:0,(anonymous_7)
DA:1,0
DA:2,0
DA:4,0
DA:5,0
DA:6,0
DA:7,0
DA:8,0
DA:9,0
DA:10,0
DA:11,0
DA:12,0
DA:15,0
DA:16,0
DA:17,0
DA:18,0
DA:19,0
DA:20,0
DA:21,0
DA:24,0
DA:26,0
DA:30,0
DA:33,0
DA:34,0
DA:35,0
DA:36,0
DA:39,0
DA:41,0
DA:45,0
LF:28
LH:0
BRF:0
BRH:0
end_of_record
TN:
SF:src\modules\admin\admin.module.ts
FNF:0
FNH:0
DA:1,0
DA:2,0
DA:3,0
DA:4,0
DA:5,0
DA:12,0
LF:6
LH:0
BRF:0
BRH:0
end_of_record
TN:
SF:src\modules\admin\admin.service.ts
FN:23,(anonymous_4)
FN:30,(anonymous_5)
FN:35,(anonymous_6)
FN:44,(anonymous_7)
FN:78,(anonymous_8)
FN:127,(anonymous_9)
FN:142,(anonymous_10)
FN:144,(anonymous_11)
FN:152,(anonymous_12)
FN:178,(anonymous_13)
FN:209,(anonymous_14)
FN:247,(anonymous_15)
FN:256,(anonymous_16)
FN:264,(anonymous_17)
FN:292,(anonymous_18)
FN:298,(anonymous_19)
FN:305,(anonymous_20)
FNF:17
FNH:0
FNDA:0,(anonymous_4)
FNDA:0,(anonymous_5)
FNDA:0,(anonymous_6)
FNDA:0,(anonymous_7)
FNDA:0,(anonymous_8)
FNDA:0,(anonymous_9)
FNDA:0,(anonymous_10)
FNDA:0,(anonymous_11)
FNDA:0,(anonymous_12)
FNDA:0,(anonymous_13)
FNDA:0,(anonymous_14)
FNDA:0,(anonymous_15)
FNDA:0,(anonymous_16)
FNDA:0,(anonymous_17)
FNDA:0,(anonymous_18)
FNDA:0,(anonymous_19)
FNDA:0,(anonymous_20)
DA:1,0
DA:2,0
DA:4,0
DA:5,0
DA:8,0
DA:9,0
DA:10,0
DA:11,0
DA:13,0
DA:14,0
DA:16,0
DA:17,0
DA:22,0
DA:24,0
DA:25,0
DA:26,0
DA:27,0
DA:31,0
DA:32,0
DA:36,0
DA:40,0
DA:41,0
DA:45,0
DA:46,0
DA:47,0
DA:49,0
DA:50,0
DA:51,0
DA:52,0
DA:53,0
DA:54,0
DA:62,0
DA:64,0
DA:75,0
DA:79,0
DA:80,0
DA:81,0
DA:83,0
DA:85,0
DA:86,0
DA:94,0
DA:96,0
DA:127,0
DA:128,0
DA:129,0
DA:142,0
DA:144,0
DA:149,0
DA:153,0
DA:163,0
DA:165,0
DA:175,0
DA:179,0
DA:180,0
DA:188,0
DA:206,0
DA:210,0
DA:214,0
DA:217,0
DA:218,0
DA:219,0
DA:220,0
DA:221,0
DA:228,0
DA:230,0
DA:240,0
DA:248,0
DA:249,0
DA:250,0
DA:252,0
DA:257,0
DA:258,0
DA:259,0
DA:260,0
DA:261,0
DA:272,0
DA:281,0
DA:293,0
DA:298,0
DA:299,0
DA:302,0
DA:303,0
DA:304,0
DA:305,0
DA:308,0
LF:85
LH:0
BRDA:32,0,0,0
BRDA:32,0,1,0
BRDA:38,1,0,0
BRDA:38,1,1,0
BRDA:45,2,0,0
BRDA:45,2,1,0
BRDA:46,3,0,0
BRDA:46,3,1,0
BRDA:47,4,0,0
BRDA:47,4,1,0
BRDA:50,5,0,0
BRDA:50,5,1,0
BRDA:51,6,0,0
BRDA:51,6,1,0
BRDA:52,7,0,0
BRDA:52,7,1,0
BRDA:53,8,0,0
BRDA:53,8,1,0
BRDA:79,9,0,0
BRDA:79,9,1,0
BRDA:80,10,0,0
BRDA:80,10,1,0
BRDA:81,11,0,0
BRDA:81,11,1,0
BRDA:85,12,0,0
BRDA:85,12,1,0
BRDA:129,13,0,0
BRDA:129,13,1,0
BRDA:146,14,0,0
BRDA:146,14,1,0
BRDA:157,15,0,0
BRDA:157,15,1,0
BRDA:157,16,0,0
BRDA:157,16,1,0
BRDA:179,17,0,0
BRDA:179,17,1,0
BRDA:180,18,0,0
BRDA:180,18,1,0
BRDA:214,19,0,0
BRDA:214,19,1,0
BRDA:217,20,0,0
BRDA:217,20,1,0
BRDA:219,21,0,0
BRDA:219,21,1,0
BRDA:250,22,0,0
BRDA:250,22,1,0
BRDA:258,23,0,0
BRDA:258,23,1,0
BRF:48
BRH:0
end_of_record
TN:
SF:src\modules\ai\ai.controller.ts
FN:42,(anonymous_4)
FN:48,(anonymous_5)
FN:58,(anonymous_6)
FN:71,(anonymous_7)
FNF:4
FNH:0
FNDA:0,(anonymous_4)
FNDA:0,(anonymous_5)
FNDA:0,(anonymous_6)
FNDA:0,(anonymous_7)
DA:1,0
DA:2,0
DA:3,0
DA:4,0
DA:5,0
DA:6,0
DA:12,0
DA:17,0
DA:24,0
DA:29,0
DA:35,0
DA:41,0
DA:42,0
DA:48,0
DA:49,0
DA:50,0
DA:52,0
DA:58,0
DA:59,0
DA:60,0
DA:62,0
DA:63,0
DA:65,0
DA:71,0
DA:72,0
LF:25
LH:0
BRDA:49,0,0,0
BRDA:49,0,1,0
BRDA:49,1,0,0
BRDA:49,1,1,0
BRDA:59,2,0,0
BRDA:59,2,1,0
BRDA:59,3,0,0
BRDA:59,3,1,0
BRDA:62,4,0,0
BRDA:62,4,1,0
BRF:10
BRH:0
end_of_record
TN:
SF:src\modules\ai\ai.module.ts
FNF:0
FNH:0
DA:1,0
DA:2,0
DA:3,0
DA:4,0
DA:12,0
LF:5
LH:0
BRF:0
BRH:0
end_of_record
TN:
SF:src\modules\ai\ai.service.ts
FN:325,resolveUsDst
FN:385,localToUtcIso
FN:399,normalizeSaleAnnouncementDates
FN:400,(anonymous_6)
FN:427,normalizePlurals
FN:429,(anonymous_8)
FN:430,(anonymous_9)
FN:431,(anonymous_10)
FN:432,(anonymous_11)
FN:433,(anonymous_12)
FN:434,(anonymous_13)
FN:435,(anonymous_14)
FN:443,(anonymous_15)
FN:457,(anonymous_16)
FN:531,(anonymous_17)
FN:546,(anonymous_18)
FN:549,(anonymous_19)
FN:566,(anonymous_20)
FN:586,(anonymous_21)
FN:614,(anonymous_22)
FN:634,(anonymous_23)
FN:646,(anonymous_24)
FN:679,(anonymous_25)
FN:708,(anonymous_26)
FNF:24
FNH:0
FNDA:0,resolveUsDst
FNDA:0,localToUtcIso
FNDA:0,normalizeSaleAnnouncementDates
FNDA:0,(anonymous_6)
FNDA:0,normalizePlurals
FNDA:0,(anonymous_8)
FNDA:0,(anonymous_9)
FNDA:0,(anonymous_10)
FNDA:0,(anonymous_11)
FNDA:0,(anonymous_12)
FNDA:0,(anonymous_13)
FNDA:0,(anonymous_14)
FNDA:0,(anonymous_15)
FNDA:0,(anonymous_16)
FNDA:0,(anonymous_17)
FNDA:0,(anonymous_18)
FNDA:0,(anonymous_19)
FNDA:0,(anonymous_20)
FNDA:0,(anonymous_21)
FNDA:0,(anonymous_22)
FNDA:0,(anonymous_23)
FNDA:0,(anonymous_24)
FNDA:0,(anonymous_25)
FNDA:0,(anonymous_26)
DA:1,0
DA:2,0
DA:3,0
DA:4,0
DA:60,0
DA:225,0
DA:245,0
DA:326,0
DA:332,0
DA:333,0
DA:336,0
DA:337,0
DA:338,0
DA:339,0
DA:340,0
DA:341,0
DA:344,0
DA:345,0
DA:346,0
DA:349,0
DA:350,0
DA:351,0
DA:354,0
DA:358,0
DA:362,0
DA:386,0
DA:388,0
DA:389,0
DA:390,0
DA:391,0
DA:392,0
DA:400,0
DA:401,0
DA:402,0
DA:405,0
DA:413,0
DA:428,0
DA:429,0
DA:430,0
DA:431,0
DA:432,0
DA:433,0
DA:434,0
DA:435,0
DA:439,0
DA:440,0
DA:444,0
DA:445,0
DA:447,0
DA:448,0
DA:449,0
DA:450,0
DA:452,0
DA:453,0
DA:458,0
DA:459,0
DA:461,0
DA:462,0
DA:467,0
DA:469,0
DA:470,0
DA:472,0
DA:474,0
DA:475,0
DA:477,0
DA:479,0
DA:489,0
DA:490,0
DA:494,0
DA:498,0
DA:499,0
DA:507,0
DA:513,0
DA:520,0
DA:521,0
DA:526,0
DA:527,0
DA:528,0
DA:530,0
DA:531,0
DA:543,0
DA:544,0
DA:545,0
DA:546,0
DA:548,0
DA:549,0
DA:552,0
DA:553,0
DA:554,0
DA:555,0
DA:560,0
DA:562,0
DA:568,0
DA:569,0
DA:571,0
DA:572,0
DA:573,0
DA:574,0
DA:575,0
DA:576,0
DA:578,0
DA:579,0
DA:581,0
DA:582,0
DA:583,0
DA:588,0
DA:589,0
DA:591,0
DA:593,0
DA:594,0
DA:596,0
DA:598,0
DA:608,0
DA:609,0
DA:611,0
DA:616,0
DA:634,0
DA:640,0
DA:641,0
DA:643,0
DA:647,0
DA:650,0
DA:651,0
DA:658,0
DA:659,0
DA:661,0
DA:662,0
DA:663,0
DA:665,0
DA:667,0
DA:668,0
DA:671,0
DA:672,0
DA:673,0
DA:676,0
DA:680,0
DA:681,0
DA:684,0
DA:685,0
DA:686,0
DA:689,0
DA:694,0
DA:701,0
DA:702,0
DA:704,0
DA:709,0
DA:710,0
DA:713,0
DA:718,0
DA:725,0
DA:726,0
DA:728,0
LF:152
LH:0
BRDA:333,0,0,0
BRDA:333,0,1,0
BRDA:337,1,0,0
BRDA:337,1,1,0
BRDA:346,2,0,0
BRDA:346,2,1,0
BRDA:351,3,0,0
BRDA:351,3,1,0
BRDA:354,4,0,0
BRDA:354,4,1,0
BRDA:354,4,2,0
BRDA:354,4,3,0
BRDA:354,4,4,0
BRDA:354,4,5,0
BRDA:358,5,0,0
BRDA:358,5,1,0
BRDA:386,6,0,0
BRDA:386,6,1,0
BRDA:390,7,0,0
BRDA:390,7,1,0
BRDA:401,8,0,0
BRDA:401,8,1,0
BRDA:402,9,0,0
BRDA:402,9,1,0
BRDA:403,10,0,0
BRDA:403,10,1,0
BRDA:404,11,0,0
BRDA:404,11,1,0
BRDA:408,12,0,0
BRDA:408,12,1,0
BRDA:409,13,0,0
BRDA:409,13,1,0
BRDA:410,14,0,0
BRDA:410,14,1,0
BRDA:448,15,0,0
BRDA:448,15,1,0
BRDA:458,16,0,0
BRDA:458,16,1,0
BRDA:461,17,0,0
BRDA:461,17,1,0
BRDA:461,18,0,0
BRDA:461,18,1,0
BRDA:467,19,0,0
BRDA:467,19,1,0
BRDA:474,20,0,0
BRDA:474,20,1,0
BRDA:479,21,0,0
BRDA:479,21,1,0
BRDA:479,21,2,0
BRDA:479,21,3,0
BRDA:479,21,4,0
BRDA:479,21,5,0
BRDA:479,21,6,0
BRDA:479,21,7,0
BRDA:479,21,8,0
BRDA:479,21,9,0
BRDA:489,22,0,0
BRDA:489,22,1,0
BRDA:498,23,0,0
BRDA:498,23,1,0
BRDA:526,24,0,0
BRDA:526,24,1,0
BRDA:527,25,0,0
BRDA:527,25,1,0
BRDA:530,26,0,0
BRDA:530,26,1,0
BRDA:533,27,0,0
BRDA:533,27,1,0
BRDA:544,28,0,0
BRDA:544,28,1,0
BRDA:545,29,0,0
BRDA:545,29,1,0
BRDA:546,30,0,0
BRDA:546,30,1,0
BRDA:548,31,0,0
BRDA:548,31,1,0
BRDA:552,32,0,0
BRDA:552,32,1,0
BRDA:553,33,0,0
BRDA:553,33,1,0
BRDA:555,34,0,0
BRDA:555,34,1,0
BRDA:571,35,0,0
BRDA:571,35,1,0
BRDA:573,36,0,0
BRDA:573,36,1,0
BRDA:574,37,0,0
BRDA:574,37,1,0
BRDA:575,38,0,0
BRDA:575,38,1,0
BRDA:575,39,0,0
BRDA:575,39,1,0
BRDA:582,40,0,0
BRDA:582,40,1,0
BRDA:593,41,0,0
BRDA:593,41,1,0
BRDA:598,42,0,0
BRDA:598,42,1,0
BRDA:598,42,2,0
BRDA:598,42,3,0
BRDA:598,42,4,0
BRDA:598,42,5,0
BRDA:598,42,6,0
BRDA:598,42,7,0
BRDA:598,42,8,0
BRDA:598,42,9,0
BRDA:608,43,0,0
BRDA:608,43,1,0
BRDA:640,44,0,0
BRDA:640,44,1,0
BRDA:658,45,0,0
BRDA:658,45,1,0
BRDA:661,46,0,0
BRDA:661,46,1,0
BRDA:662,47,0,0
BRDA:662,47,1,0
BRDA:662,48,0,0
BRDA:662,48,1,0
BRDA:667,49,0,0
BRDA:667,49,1,0
BRDA:672,50,0,0
BRDA:672,50,1,0
BRDA:680,51,0,0
BRDA:680,51,1,0
BRDA:685,52,0,0
BRDA:685,52,1,0
BRDA:709,53,0,0
BRDA:709,53,1,0
BRF:128
BRH:0
end_of_record
TN:
SF:src\modules\analytics\analytics.controller.ts
FN:12,(anonymous_4)
FN:15,(anonymous_5)
FN:20,(anonymous_6)
FNF:3
FNH:0
FNDA:0,(anonymous_4)
FNDA:0,(anonymous_5)
FNDA:0,(anonymous_6)
DA:1,0
DA:2,0
DA:3,0
DA:4,0
DA:5,0
DA:11,0
DA:12,0
DA:15,0
DA:16,0
DA:20,0
DA:21,0
DA:22,0
DA:24,0
LF:13
LH:0
BRDA:21,0,0,0
BRDA:21,0,1,0
BRDA:22,1,0,0
BRDA:22,1,1,0
BRF:4
BRH:0
end_of_record
TN:
SF:src\modules\analytics\analytics.dto.ts
FNF:0
FNH:0
DA:1,0
DA:3,0
DA:30,0
DA:32,0
DA:35,0
DA:38,0
DA:42,0
LF:7
LH:0
BRF:0
BRH:0
end_of_record
TN:
SF:src\modules\analytics\analytics.module.ts
FNF:0
FNH:0
DA:1,0
DA:2,0
DA:3,0
DA:10,0
LF:4
LH:0
BRF:0
BRH:0
end_of_record
TN:
SF:src\modules\analytics\analytics.service.ts
FN:25,(anonymous_2)
FN:30,(anonymous_3)
FN:49,(anonymous_4)
FN:57,(anonymous_5)
FN:86,(anonymous_6)
FNF:5
FNH:0
FNDA:0,(anonymous_2)
FNDA:0,(anonymous_3)
FNDA:0,(anonymous_4)
FNDA:0,(anonymous_5)
FNDA:0,(anonymous_6)
DA:1,0
DA:2,0
DA:3,0
DA:7,0
DA:15,0
DA:24,0
DA:25,0
DA:38,0
DA:63,0
DA:64,0
DA:65,0
DA:67,0
DA:86,0
LF:13
LH:0
BRDA:42,0,0,0
BRDA:42,0,1,0
BRDA:43,1,0,0
BRDA:43,1,1,0
BRDA:44,2,0,0
BRDA:44,2,1,0
BRDA:45,3,0,0
BRDA:45,3,1,0
BRDA:46,4,0,0
BRDA:46,4,1,0
BRDA:64,5,0,0
BRDA:64,5,1,0
BRDA:65,6,0,0
BRDA:65,6,1,0
BRDA:67,7,0,0
BRDA:67,7,1,0
BRF:16
BRH:0
end_of_record
TN:
SF:src\modules\announcements\announcements.controller.ts
FN:11,(anonymous_4)
FN:16,(anonymous_5)
FN:42,(anonymous_6)
FN:59,(anonymous_7)
FN:66,(anonymous_8)
FN:73,(anonymous_9)
FN:80,(anonymous_10)
FN:87,(anonymous_11)
FN:94,(anonymous_12)
FN:105,(anonymous_13)
FN:115,(anonymous_14)
FN:122,(anonymous_15)
FN:135,(anonymous_16)
FN:146,(anonymous_17)
FN:153,(anonymous_18)
FN:159,(anonymous_19)
FNF:16
FNH:0
FNDA:0,(anonymous_4)
FNDA:0,(anonymous_5)
FNDA:0,(anonymous_6)
FNDA:0,(anonymous_7)
FNDA:0,(anonymous_8)
FNDA:0,(anonymous_9)
FNDA:0,(anonymous_10)
FNDA:0,(anonymous_11)
FNDA:0,(anonymous_12)
FNDA:0,(anonymous_13)
FNDA:0,(anonymous_14)
FNDA:0,(anonymous_15)
FNDA:0,(anonymous_16)
FNDA:0,(anonymous_17)
FNDA:0,(anonymous_18)
FNDA:0,(anonymous_19)
DA:1,0
DA:2,0
DA:3,0
DA:4,0
DA:5,0
DA:6,0
DA:10,0
DA:11,0
DA:16,0
DA:26,0
DA:42,0
DA:48,0
DA:59,0
DA:60,0
DA:66,0
DA:67,0
DA:73,0
DA:74,0
DA:80,0
DA:81,0
DA:87,0
DA:88,0
DA:94,0
DA:99,0
DA:105,0
DA:109,0
DA:115,0
DA:116,0
DA:122,0
DA:129,0
DA:135,0
DA:140,0
DA:146,0
DA:147,0
DA:153,0
DA:154,0
DA:159,0
DA:160,0
LF:38
LH:0
BRDA:27,0,0,0
BRDA:27,0,1,0
BRDA:28,1,0,0
BRDA:28,1,1,0
BRDA:31,2,0,0
BRDA:31,2,1,0
BRDA:49,3,0,0
BRDA:49,3,1,0
BRDA:50,4,0,0
BRDA:50,4,1,0
BRF:10
BRH:0
end_of_record
TN:
SF:src\modules\announcements\announcements.dto.ts
FNF:0
FNH:0
DA:1,0
DA:2,0
DA:4,0
DA:6,0
DA:10,0
DA:14,0
DA:18,0
DA:22,0
DA:26,0
DA:30,0
DA:34,0
DA:38,0
DA:42,0
DA:46,0
DA:51,0
DA:56,0
DA:60,0
DA:63,0
DA:66,0
DA:70,0
DA:74,0
DA:78,0
DA:82,0
DA:86,0
DA:89,0
DA:93,0
DA:97,0
DA:101,0
DA:105,0
DA:110,0
DA:115,0
DA:119,0
LF:32
LH:0
BRF:0
BRH:0
end_of_record
TN:
SF:src\modules\announcements\announcements.module.ts
FNF:0
FNH:0
DA:1,0
DA:2,0
DA:3,0
DA:4,0
DA:11,0
LF:5
LH:0
BRF:0
BRH:0
end_of_record
TN:
SF:src\modules\announcements\announcements.service.ts
FN:53,(anonymous_2)
FN:59,(anonymous_3)
FN:63,(anonymous_4)
FN:136,(anonymous_5)
FN:149,(anonymous_6)
FN:175,(anonymous_7)
FN:190,(anonymous_8)
FN:194,(anonymous_9)
FN:213,(anonymous_10)
FN:225,(anonymous_11)
FN:235,(anonymous_12)
FN:249,(anonymous_13)
FN:274,(anonymous_14)
FN:287,(anonymous_15)
FN:325,(anonymous_16)
FN:345,(anonymous_17)
FN:346,(anonymous_18)
FN:349,(anonymous_19)
FN:359,(anonymous_20)
FN:373,(anonymous_21)
FN:382,(anonymous_22)
FN:424,(anonymous_23)
FN:437,(anonymous_24)
FN:458,(anonymous_25)
FN:493,(anonymous_26)
FN:497,(anonymous_27)
FNF:26
FNH:0
FNDA:0,(anonymous_2)
FNDA:0,(anonymous_3)
FNDA:0,(anonymous_4)
FNDA:0,(anonymous_5)
FNDA:0,(anonymous_6)
FNDA:0,(anonymous_7)
FNDA:0,(anonymous_8)
FNDA:0,(anonymous_9)
FNDA:0,(anonymous_10)
FNDA:0,(anonymous_11)
FNDA:0,(anonymous_12)
FNDA:0,(anonymous_13)
FNDA:0,(anonymous_14)
FNDA:0,(anonymous_15)
FNDA:0,(anonymous_16)
FNDA:0,(anonymous_17)
FNDA:0,(anonymous_18)
FNDA:0,(anonymous_19)
FNDA:0,(anonymous_20)
FNDA:0,(anonymous_21)
FNDA:0,(anonymous_22)
FNDA:0,(anonymous_23)
FNDA:0,(anonymous_24)
FNDA:0,(anonymous_25)
FNDA:0,(anonymous_26)
FNDA:0,(anonymous_27)
DA:1,0
DA:2,0
DA:3,0
DA:4,0
DA:5,0
DA:7,0
DA:8,0
DA:11,0
DA:30,0
DA:45,0
DA:50,0
DA:51,0
DA:54,0
DA:55,0
DA:56,0
DA:60,0
DA:64,0
DA:66,0
DA:67,0
DA:69,0
DA:72,0
DA:73,0
DA:74,0
DA:75,0
DA:76,0
DA:77,0
DA:78,0
DA:86,0
DA:87,0
DA:90,0
DA:91,0
DA:92,0
DA:94,0
DA:95,0
DA:98,0
DA:100,0
DA:133,0
DA:137,0
DA:145,0
DA:146,0
DA:150,0
DA:152,0
DA:153,0
DA:154,0
DA:155,0
DA:161,0
DA:172,0
DA:176,0
DA:177,0
DA:178,0
DA:182,0
DA:187,0
DA:191,0
DA:201,0
DA:204,0
DA:205,0
DA:210,0
DA:214,0
DA:217,0
DA:218,0
DA:222,0
DA:226,0
DA:227,0
DA:228,0
DA:232,0
DA:240,0
DA:243,0
DA:244,0
DA:250,0
DA:252,0
DA:272,0
DA:273,0
DA:274,0
DA:283,0
DA:284,0
DA:288,0
DA:289,0
DA:291,0
DA:293,0
DA:323,0
DA:324,0
DA:325,0
DA:327,0
DA:334,0
DA:336,0
DA:340,0
DA:341,0
DA:345,0
DA:346,0
DA:347,0
DA:348,0
DA:349,0
DA:358,0
DA:360,0
DA:369,0
DA:370,0
DA:374,0
DA:375,0
DA:376,0
DA:377,0
DA:378,0
DA:379,0
DA:383,0
DA:390,0
DA:392,0
DA:413,0
DA:414,0
DA:422,0
DA:423,0
DA:424,0
DA:435,0
DA:436,0
DA:437,0
DA:454,0
DA:455,0
DA:472,0
DA:473,0
DA:487,0
DA:488,0
DA:490,0
DA:494,0
DA:498,0
DA:499,0
DA:508,0
DA:509,0
DA:519,0
LF:126
LH:0
BRDA:64,0,0,0
BRDA:64,0,1,0
BRDA:72,1,0,0
BRDA:72,1,1,0
BRDA:72,2,0,0
BRDA:72,2,1,0
BRDA:73,3,0,0
BRDA:73,3,1,0
BRDA:74,4,0,0
BRDA:74,4,1,0
BRDA:76,5,0,0
BRDA:76,5,1,0
BRDA:77,6,0,0
BRDA:77,6,1,0
BRDA:86,7,0,0
BRDA:86,7,1,0
BRDA:90,8,0,0
BRDA:90,8,1,0
BRDA:94,9,0,0
BRDA:94,9,1,0
BRDA:98,10,0,0
BRDA:98,10,1,0
BRDA:105,11,0,0
BRDA:105,11,1,0
BRDA:145,12,0,0
BRDA:145,12,1,0
BRDA:150,13,0,0
BRDA:150,13,1,0
BRDA:153,14,0,0
BRDA:153,14,1,0
BRDA:154,15,0,0
BRDA:154,15,1,0
BRDA:177,16,0,0
BRDA:177,16,1,0
BRDA:184,17,0,0
BRDA:184,17,1,0
BRDA:204,18,0,0
BRDA:204,18,1,0
BRDA:207,19,0,0
BRDA:207,19,1,0
BRDA:207,20,0,0
BRDA:207,20,1,0
BRDA:208,21,0,0
BRDA:208,21,1,0
BRDA:208,22,0,0
BRDA:208,22,1,0
BRDA:217,23,0,0
BRDA:217,23,1,0
BRDA:227,24,0,0
BRDA:227,24,1,0
BRDA:243,25,0,0
BRDA:243,25,1,0
BRDA:255,26,0,0
BRDA:255,26,1,0
BRDA:256,27,0,0
BRDA:256,27,1,0
BRDA:257,28,0,0
BRDA:257,28,1,0
BRDA:258,29,0,0
BRDA:258,29,1,0
BRDA:259,30,0,0
BRDA:259,30,1,0
BRDA:260,31,0,0
BRDA:260,31,1,0
BRDA:261,32,0,0
BRDA:261,32,1,0
BRDA:262,33,0,0
BRDA:262,33,1,0
BRDA:263,34,0,0
BRDA:263,34,1,0
BRDA:264,35,0,0
BRDA:264,35,1,0
BRDA:264,36,0,0
BRDA:264,36,1,0
BRDA:265,37,0,0
BRDA:265,37,1,0
BRDA:266,38,0,0
BRDA:266,38,1,0
BRDA:267,39,0,0
BRDA:267,39,1,0
BRDA:268,40,0,0
BRDA:268,40,1,0
BRDA:272,41,0,0
BRDA:272,41,1,0
BRDA:272,42,0,0
BRDA:272,42,1,0
BRDA:289,43,0,0
BRDA:289,43,1,0
BRDA:296,44,0,0
BRDA:296,44,1,0
BRDA:297,45,0,0
BRDA:297,45,1,0
BRDA:298,46,0,0
BRDA:298,46,1,0
BRDA:299,47,0,0
BRDA:299,47,1,0
BRDA:301,48,0,0
BRDA:301,48,1,0
BRDA:302,49,0,0
BRDA:302,49,1,0
BRDA:304,50,0,0
BRDA:304,50,1,0
BRDA:305,51,0,0
BRDA:305,51,1,0
BRDA:307,52,0,0
BRDA:307,52,1,0
BRDA:308,53,0,0
BRDA:308,53,1,0
BRDA:309,54,0,0
BRDA:309,54,1,0
BRDA:310,55,0,0
BRDA:310,55,1,0
BRDA:311,56,0,0
BRDA:311,56,1,0
BRDA:312,57,0,0
BRDA:312,57,1,0
BRDA:313,58,0,0
BRDA:313,58,1,0
BRDA:315,59,0,0
BRDA:315,59,1,0
BRDA:316,60,0,0
BRDA:316,60,1,0
BRDA:316,61,0,0
BRDA:316,61,1,0
BRDA:317,62,0,0
BRDA:317,62,1,0
BRDA:317,63,0,0
BRDA:317,63,1,0
BRDA:318,64,0,0
BRDA:318,64,1,0
BRDA:318,65,0,0
BRDA:318,65,1,0
BRDA:323,66,0,0
BRDA:323,66,1,0
BRDA:324,67,0,0
BRDA:324,67,1,0
BRDA:329,68,0,0
BRDA:329,68,1,0
BRDA:329,69,0,0
BRDA:329,69,1,0
BRDA:334,70,0,0
BRDA:334,70,1,0
BRDA:340,71,0,0
BRDA:340,71,1,0
BRDA:347,72,0,0
BRDA:347,72,1,0
BRDA:375,73,0,0
BRDA:375,73,1,0
BRDA:376,74,0,0
BRDA:376,74,1,0
BRDA:390,75,0,0
BRDA:390,75,1,0
BRDA:404,76,0,0
BRDA:404,76,1,0
BRDA:422,77,0,0
BRDA:422,77,1,0
BRDA:435,78,0,0
BRDA:435,78,1,0
BRDA:476,79,0,0
BRDA:476,79,1,0
BRDA:477,80,0,0
BRDA:477,80,1,0
BRDA:478,81,0,0
BRDA:478,81,1,0
BRDA:479,82,0,0
BRDA:479,82,1,0
BRDA:480,83,0,0
BRDA:480,83,1,0
BRDA:481,84,0,0
BRDA:481,84,1,0
BRDA:482,85,0,0
BRDA:482,85,1,0
BRDA:483,86,0,0
BRDA:483,86,1,0
BRDA:484,87,0,0
BRDA:484,87,1,0
BRDA:485,88,0,0
BRDA:485,88,1,0
BRDA:487,89,0,0
BRDA:487,89,1,0
BRDA:508,90,0,0
BRDA:508,90,1,0
BRDA:512,91,0,0
BRDA:512,91,1,0
BRDA:513,92,0,0
BRDA:513,92,1,0
BRDA:514,93,0,0
BRDA:514,93,1,0
BRF:188
BRH:0
end_of_record
TN:
SF:src\modules\artists\artists.controller.ts
FN:22,(anonymous_4)
FN:30,(anonymous_5)
FN:36,(anonymous_6)
FN:42,(anonymous_7)
FN:55,(anonymous_8)
FN:62,(anonymous_9)
FN:71,(anonymous_10)
FN:80,(anonymous_11)
FNF:8
FNH:0
FNDA:0,(anonymous_4)
FNDA:0,(anonymous_5)
FNDA:0,(anonymous_6)
FNDA:0,(anonymous_7)
FNDA:0,(anonymous_8)
FNDA:0,(anonymous_9)
FNDA:0,(anonymous_10)
FNDA:0,(anonymous_11)
DA:1,0
DA:11,0
DA:12,0
DA:13,0
DA:14,0
DA:15,0
DA:16,0
DA:17,0
DA:21,0
DA:23,0
DA:24,0
DA:25,0
DA:30,0
DA:31,0
DA:36,0
DA:37,0
DA:42,0
DA:43,0
DA:44,0
DA:50,0
DA:55,0
DA:56,0
DA:62,0
DA:63,0
DA:64,0
DA:65,0
DA:71,0
DA:72,0
DA:73,0
DA:74,0
DA:80,0
DA:81,0
DA:82,0
DA:83,0
LF:34
LH:0
BRDA:48,0,0,0
BRDA:48,0,1,0
BRF:2
BRH:0
end_of_record
TN:
SF:src\modules\artists\artists.dto.ts
FN:81,(anonymous_2)
FN:87,(anonymous_3)
FNF:2
FNH:0
FNDA:0,(anonymous_2)
FNDA:0,(anonymous_3)
DA:1,0
DA:2,0
DA:4,0
DA:6,0
DA:10,0
DA:14,0
DA:18,0
DA:22,0
DA:26,0
DA:30,0
DA:34,0
DA:38,0
DA:41,0
DA:44,0
DA:48,0
DA:52,0
DA:56,0
DA:60,0
DA:64,0
DA:68,0
DA:72,0
DA:76,0
DA:79,0
DA:81,0
DA:84,0
DA:87,0
DA:91,0
DA:95,0
LF:28
LH:0
BRF:0
BRH:0
end_of_record
TN:
SF:src\modules\artists\artists.module.ts
FNF:0
FNH:0
DA:1,0
DA:2,0
DA:3,0
DA:4,0
DA:5,0
DA:12,0
LF:6
LH:0
BRF:0
BRH:0
end_of_record
TN:
SF:src\modules\artists\artists.service.ts
FN:14,(anonymous_4)
FN:15,(anonymous_5)
FN:21,(anonymous_6)
FN:28,(anonymous_7)
FN:48,(anonymous_8)
FN:83,(anonymous_9)
FN:91,(anonymous_10)
FN:112,(anonymous_11)
FN:121,(anonymous_12)
FN:149,(anonymous_13)
FN:163,(anonymous_14)
FN:188,(anonymous_15)
FN:202,(anonymous_16)
FN:213,(anonymous_17)
FNF:14
FNH:0
FNDA:0,(anonymous_4)
FNDA:0,(anonymous_5)
FNDA:0,(anonymous_6)
FNDA:0,(anonymous_7)
FNDA:0,(anonymous_8)
FNDA:0,(anonymous_9)
FNDA:0,(anonymous_10)
FNDA:0,(anonymous_11)
FNDA:0,(anonymous_12)
FNDA:0,(anonymous_13)
FNDA:0,(anonymous_14)
FNDA:0,(anonymous_15)
FNDA:0,(anonymous_16)
FNDA:0,(anonymous_17)
DA:1,0
DA:2,0
DA:4,0
DA:5,0
DA:6,0
DA:8,0
DA:9,0
DA:11,0
DA:12,0
DA:14,0
DA:15,0
DA:18,0
DA:19,0
DA:22,0
DA:23,0
DA:24,0
DA:25,0
DA:29,0
DA:30,0
DA:44,0
DA:45,0
DA:49,0
DA:51,0
DA:52,0
DA:53,0
DA:56,0
DA:80,0
DA:84,0
DA:85,0
DA:86,0
DA:87,0
DA:88,0
DA:92,0
DA:108,0
DA:109,0
DA:113,0
DA:114,0
DA:115,0
DA:116,0
DA:117,0
DA:118,0
DA:122,0
DA:126,0
DA:128,0
DA:149,0
DA:150,0
DA:151,0
DA:164,0
DA:168,0
DA:170,0
DA:185,0
DA:189,0
DA:190,0
DA:191,0
DA:193,0
DA:194,0
DA:195,0
DA:199,0
DA:203,0
DA:204,0
DA:205,0
DA:206,0
DA:210,0
DA:214,0
DA:215,0
DA:222,0
LF:66
LH:0
BRDA:52,0,0,0
BRDA:52,0,1,0
BRDA:85,1,0,0
BRDA:85,1,1,0
BRDA:108,2,0,0
BRDA:108,2,1,0
BRDA:114,3,0,0
BRDA:114,3,1,0
BRDA:126,4,0,0
BRDA:126,4,1,0
BRDA:155,5,0,0
BRDA:155,5,1,0
BRDA:156,6,0,0
BRDA:156,6,1,0
BRDA:168,7,0,0
BRDA:168,7,1,0
BRDA:190,8,0,0
BRDA:190,8,1,0
BRDA:190,9,0,0
BRDA:190,9,1,0
BRDA:219,10,0,0
BRDA:219,10,1,0
BRF:22
BRH:0
end_of_record
TN:
SF:src\modules\audit\audit.module.ts
FNF:0
FNH:0
DA:1,0
DA:2,0
DA:9,0
LF:3
LH:0
BRF:0
BRH:0
end_of_record
TN:
SF:src\modules\audit\audit.service.ts
FN:6,(anonymous_2)
FN:8,(anonymous_3)
FNF:2
FNH:0
FNDA:0,(anonymous_2)
FNDA:0,(anonymous_3)
DA:1,0
DA:2,0
DA:5,0
DA:6,0
DA:17,0
DA:18,0
LF:6
LH:0
BRDA:20,0,0,0
BRDA:20,0,1,0
BRF:2
BRH:0
end_of_record
TN:
SF:src\modules\auth\auth.controller.ts
FN:23,(anonymous_4)
FN:28,(anonymous_5)
FN:35,(anonymous_6)
FN:44,(anonymous_7)
FN:52,(anonymous_8)
FN:59,(anonymous_9)
FN:65,(anonymous_10)
FN:75,(anonymous_11)
FN:88,(anonymous_12)
FN:94,(anonymous_13)
FN:99,(anonymous_14)
FN:105,(anonymous_15)
FN:116,(anonymous_16)
FN:121,(anonymous_17)
FN:125,(anonymous_18)
FN:136,(anonymous_19)
FN:149,(anonymous_20)
FNF:17
FNH:0
FNDA:0,(anonymous_4)
FNDA:0,(anonymous_5)
FNDA:0,(anonymous_6)
FNDA:0,(anonymous_7)
FNDA:0,(anonymous_8)
FNDA:0,(anonymous_9)
FNDA:0,(anonymous_10)
FNDA:0,(anonymous_11)
FNDA:0,(anonymous_12)
FNDA:0,(anonymous_13)
FNDA:0,(anonymous_14)
FNDA:0,(anonymous_15)
FNDA:0,(anonymous_16)
FNDA:0,(anonymous_17)
FNDA:0,(anonymous_18)
FNDA:0,(anonymous_19)
FNDA:0,(anonymous_20)
DA:1,0
DA:2,0
DA:3,0
DA:4,0
DA:5,0
DA:14,0
DA:15,0
DA:16,0
DA:17,0
DA:22,0
DA:23,0
DA:28,0
DA:29,0
DA:35,0
DA:36,0
DA:37,0
DA:38,0
DA:44,0
DA:45,0
DA:46,0
DA:52,0
DA:53,0
DA:59,0
DA:60,0
DA:65,0
DA:69,0
DA:75,0
DA:76,0
DA:77,0
DA:78,0
DA:79,0
DA:80,0
DA:82,0
DA:88,0
DA:89,0
DA:94,0
DA:95,0
DA:99,0
DA:100,0
DA:105,0
DA:109,0
DA:116,0
DA:121,0
DA:122,0
DA:126,0
DA:127,0
DA:128,0
DA:129,0
DA:130,0
DA:132,0
DA:137,0
DA:138,0
DA:139,0
DA:140,0
DA:150,0
DA:151,0
LF:56
LH:0
BRDA:46,0,0,0
BRDA:46,0,1,0
BRDA:77,1,0,0
BRDA:77,1,1,0
BRDA:126,2,0,0
BRDA:126,2,1,0
BRDA:138,3,0,0
BRDA:138,3,1,0
BRDA:150,4,0,0
BRDA:150,4,1,0
BRF:10
BRH:0
end_of_record
TN:
SF:src\modules\auth\auth.dto.ts
FNF:0
FNH:0
DA:1,0
DA:4,0
DA:7,0
DA:9,0
DA:12,0
DA:14,0
DA:16,0
DA:19,0
DA:22,0
DA:26,0
DA:30,0
DA:33,0
DA:35,0
DA:39,0
DA:42,0
DA:44,0
DA:47,0
DA:49,0
DA:53,0
DA:56,0
DA:59,0
DA:63,0
DA:66,0
DA:69,0
DA:72,0
DA:74,0
LF:26
LH:0
BRF:0
BRH:0
end_of_record
TN:
SF:src\modules\auth\auth.module.ts
FN:16,(anonymous_1)
FNF:1
FNH:0
FNDA:0,(anonymous_1)
DA:1,0
DA:2,0
DA:3,0
DA:4,0
DA:5,0
DA:6,0
DA:7,0
DA:8,0
DA:9,0
DA:10,0
DA:17,0
DA:18,0
DA:19,0
DA:23,0
DA:41,0
LF:15
LH:0
BRDA:18,0,0,0
BRDA:18,0,1,0
BRDA:18,1,0,0
BRDA:18,1,1,0
BRDA:25,2,0,0
BRDA:25,2,1,0
BRF:6
BRH:0
end_of_record
TN:
SF:src\modules\auth\auth.service.ts
FN:28,hashResetToken
FN:32,hashVerifyToken
FN:48,(anonymous_15)
FN:57,(anonymous_16)
FN:100,(anonymous_17)
FN:122,(anonymous_18)
FN:144,(anonymous_19)
FN:149,(anonymous_20)
FN:180,(anonymous_21)
FN:186,(anonymous_22)
FN:190,(anonymous_23)
FN:225,(anonymous_24)
FN:231,(anonymous_25)
FN:257,(anonymous_26)
FN:270,(anonymous_27)
FN:296,(anonymous_28)
FN:304,(anonymous_29)
FN:317,(anonymous_30)
FN:371,(anonymous_31)
FN:377,(anonymous_32)
FN:385,(anonymous_33)
FN:397,(anonymous_34)
FN:412,(anonymous_35)
FNF:23
FNH:10
FNDA:9,hashResetToken
FNDA:1,hashVerifyToken
FNDA:16,(anonymous_15)
FNDA:3,(anonymous_16)
FNDA:3,(anonymous_17)
FNDA:0,(anonymous_18)
FNDA:0,(anonymous_19)
FNDA:0,(anonymous_20)
FNDA:0,(anonymous_21)
FNDA:0,(anonymous_22)
FNDA:7,(anonymous_23)
FNDA:7,(anonymous_24)
FNDA:5,(anonymous_25)
FNDA:0,(anonymous_26)
FNDA:0,(anonymous_27)
FNDA:0,(anonymous_28)
FNDA:0,(anonymous_29)
FNDA:0,(anonymous_30)
FNDA:0,(anonymous_31)
FNDA:0,(anonymous_32)
FNDA:0,(anonymous_33)
FNDA:1,(anonymous_34)
FNDA:1,(anonymous_35)
DA:1,1
DA:10,1
DA:11,1
DA:12,1
DA:13,1
DA:21,1
DA:22,1
DA:25,1
DA:29,9
DA:33,1
DA:47,1
DA:49,16
DA:50,16
DA:51,16
DA:52,16
DA:55,16
DA:58,3
DA:61,3
DA:62,2
DA:69,1
DA:70,1
DA:71,1
DA:83,1
DA:84,1
DA:85,1
DA:87,1
DA:91,1
DA:92,1
DA:97,1
DA:101,3
DA:108,3
DA:109,1
DA:112,2
DA:113,2
DA:115,1
DA:116,0
DA:119,1
DA:123,0
DA:124,0
DA:128,0
DA:129,0
DA:132,0
DA:136,0
DA:141,0
DA:144,0
DA:146,0
DA:150,0
DA:151,0
DA:153,0
DA:154,0
DA:155,0
DA:157,0
DA:159,0
DA:160,0
DA:162,0
DA:163,0
DA:164,0
DA:166,0
DA:167,0
DA:171,0
DA:172,0
DA:178,0
DA:179,0
DA:180,0
DA:183,0
DA:187,0
DA:192,7
DA:193,7
DA:195,7
DA:198,7
DA:199,7
DA:201,7
DA:203,7
DA:204,4
DA:206,4
DA:207,4
DA:208,4
DA:210,4
DA:211,4
DA:215,4
DA:216,4
DA:223,7
DA:224,7
DA:225,7
DA:228,7
DA:232,5
DA:233,5
DA:237,5
DA:238,4
DA:241,1
DA:244,1
DA:248,1
DA:252,1
DA:254,1
DA:258,0
DA:259,0
DA:261,0
DA:262,0
DA:264,0
DA:265,0
DA:267,0
DA:271,0
DA:292,0
DA:293,0
DA:297,0
DA:305,0
DA:306,0
DA:318,0
DA:323,0
DA:324,0
DA:328,0
DA:329,0
DA:332,0
DA:333,0
DA:334,0
DA:335,0
DA:344,0
DA:348,0
DA:349,0
DA:351,0
DA:370,0
DA:371,0
DA:374,0
DA:378,0
DA:386,0
DA:387,0
DA:388,0
DA:389,0
DA:390,0
DA:391,0
DA:392,0
DA:393,0
DA:398,1
DA:399,1
DA:407,1
DA:408,1
DA:409,1
DA:413,1
DA:414,1
DA:415,1
DA:416,1
DA:417,1
DA:418,1
LF:143
LH:75
BRDA:61,0,0,2
BRDA:61,0,1,1
BRDA:63,1,0,1
BRDA:63,1,1,1
BRDA:108,2,0,1
BRDA:108,2,1,2
BRDA:108,3,0,3
BRDA:108,3,1,2
BRDA:113,4,0,1
BRDA:113,4,1,1
BRDA:115,5,0,0
BRDA:115,5,1,1
BRDA:128,6,0,0
BRDA:128,6,1,0
BRDA:128,7,0,0
BRDA:128,7,1,0
BRDA:128,7,2,0
BRDA:159,8,0,0
BRDA:159,8,1,0
BRDA:159,9,0,0
BRDA:159,9,1,0
BRDA:159,9,2,0
BRDA:179,10,0,0
BRDA:179,10,1,0
BRDA:203,11,0,4
BRDA:203,11,1,3
BRDA:203,12,0,7
BRDA:203,12,1,6
BRDA:224,13,0,7
BRDA:224,13,1,0
BRDA:237,14,0,4
BRDA:237,14,1,1
BRDA:237,15,0,5
BRDA:237,15,1,3
BRDA:237,15,2,2
BRDA:259,16,0,0
BRDA:259,16,1,0
BRDA:259,17,0,0
BRDA:259,17,1,0
BRDA:262,18,0,0
BRDA:262,18,1,0
BRDA:292,19,0,0
BRDA:292,19,1,0
BRDA:299,20,0,0
BRDA:299,20,1,0
BRDA:323,21,0,0
BRDA:323,21,1,0
BRDA:332,22,0,0
BRDA:332,22,1,0
BRDA:334,23,0,0
BRDA:334,23,1,0
BRDA:348,24,0,0
BRDA:348,24,1,0
BRDA:348,24,2,0
BRDA:354,25,0,0
BRDA:354,25,1,0
BRDA:356,26,0,0
BRDA:356,26,1,0
BRDA:357,27,0,0
BRDA:357,27,1,0
BRDA:370,28,0,0
BRDA:370,28,1,0
BRDA:378,29,0,0
BRDA:378,29,1,0
BRDA:390,30,0,0
BRDA:390,30,1,0
BRDA:398,31,0,1
BRDA:398,31,1,0
BRDA:407,32,0,1
BRDA:407,32,1,1
BRDA:409,33,0,1
BRDA:409,33,1,1
BRDA:414,34,0,0
BRDA:414,34,1,1
BRDA:418,35,0,1
BRDA:418,35,1,0
BRF:76
BRH:28
end_of_record
TN:
SF:src\modules\auth\jwt.strategy.ts
FN:14,(anonymous_4)
FN:26,(anonymous_5)
FN:40,(anonymous_6)
FNF:3
FNH:0
FNDA:0,(anonymous_4)
FNDA:0,(anonymous_5)
FNDA:0,(anonymous_6)
DA:1,0
DA:2,0
DA:3,0
DA:4,0
DA:6,0
DA:10,0
DA:13,0
DA:15,0
DA:16,0
DA:18,0
DA:19,0
DA:20,0
DA:24,0
DA:28,0
DA:29,0
DA:30,0
DA:31,0
DA:41,0
DA:43,0
DA:45,0
DA:49,0
DA:52,0
DA:53,0
DA:54,0
DA:55,0
DA:59,0
DA:60,0
DA:61,0
DA:64,0
DA:67,0
LF:30
LH:0
BRDA:19,0,0,0
BRDA:19,0,1,0
BRDA:19,1,0,0
BRDA:19,1,1,0
BRDA:28,2,0,0
BRDA:28,2,1,0
BRDA:30,3,0,0
BRDA:30,3,1,0
BRDA:41,4,0,0
BRDA:41,4,1,0
BRDA:43,5,0,0
BRDA:43,5,1,0
BRDA:49,6,0,0
BRDA:49,6,1,0
BRDA:54,7,0,0
BRDA:54,7,1,0
BRDA:59,8,0,0
BRDA:59,8,1,0
BRDA:60,9,0,0
BRDA:60,9,1,0
BRDA:67,10,0,0
BRDA:67,10,1,0
BRDA:67,11,0,0
BRDA:67,11,1,0
BRF:24
BRH:0
end_of_record
TN:
SF:src\modules\auth\guards\oauth-state.guard.ts
FN:36,(anonymous_1)
FN:65,(anonymous_2)
FN:66,(anonymous_3)
FN:78,verifyStateAndProceed
FNF:4
FNH:0
FNDA:0,(anonymous_1)
FNDA:0,(anonymous_2)
FNDA:0,(anonymous_3)
FNDA:0,verifyStateAndProceed
DA:1,0
DA:2,0
DA:3,0
DA:22,0
DA:23,0
DA:25,0
DA:35,0
DA:37,0
DA:39,0
DA:40,0
DA:48,0
DA:49,0
DA:58,0
DA:59,0
DA:64,0
DA:66,0
DA:82,0
DA:83,0
DA:84,0
DA:86,0
DA:87,0
DA:89,0
DA:90,0
DA:91,0
DA:95,0
DA:97,0
LF:26
LH:0
BRDA:48,0,0,0
BRDA:48,0,1,0
BRDA:51,1,0,0
BRDA:51,1,1,0
BRDA:84,2,0,0
BRDA:84,2,1,0
BRDA:89,3,0,0
BRDA:89,3,1,0
BRDA:89,4,0,0
BRDA:89,4,1,0
BRDA:89,4,2,0
BRF:11
BRH:0
end_of_record
TN:
SF:src\modules\auth\strategies\google.strategy.ts
FN:7,(anonymous_2)
FN:16,(anonymous_3)
FNF:2
FNH:0
FNDA:0,(anonymous_2)
FNDA:0,(anonymous_3)
DA:1,0
DA:2,0
DA:3,0
DA:6,0
DA:8,0
DA:17,0
DA:18,0
DA:19,0
DA:20,0
LF:9
LH:0
BRDA:9,0,0,0
BRDA:9,0,1,0
BRDA:10,1,0,0
BRDA:10,1,1,0
BRDA:11,2,0,0
BRDA:11,2,1,0
BRDA:17,3,0,0
BRDA:17,3,1,0
BRDA:18,4,0,0
BRDA:18,4,1,0
BRDA:19,5,0,0
BRDA:19,5,1,0
BRF:12
BRH:0
end_of_record
TN:
SF:src\modules\authors\authors.controller.ts
FN:22,(anonymous_4)
FN:30,(anonymous_5)
FN:36,(anonymous_6)
FN:42,(anonymous_7)
FN:56,(anonymous_8)
FN:65,(anonymous_9)
FN:74,(anonymous_10)
FNF:7
FNH:0
FNDA:0,(anonymous_4)
FNDA:0,(anonymous_5)
FNDA:0,(anonymous_6)
FNDA:0,(anonymous_7)
FNDA:0,(anonymous_8)
FNDA:0,(anonymous_9)
FNDA:0,(anonymous_10)
DA:1,0
DA:11,0
DA:12,0
DA:13,0
DA:14,0
DA:15,0
DA:16,0
DA:17,0
DA:21,0
DA:23,0
DA:24,0
DA:25,0
DA:30,0
DA:31,0
DA:36,0
DA:37,0
DA:42,0
DA:43,0
DA:44,0
DA:50,0
DA:56,0
DA:57,0
DA:58,0
DA:59,0
DA:65,0
DA:66,0
DA:67,0
DA:68,0
DA:74,0
DA:75,0
DA:76,0
DA:77,0
LF:32
LH:0
BRDA:48,0,0,0
BRDA:48,0,1,0
BRF:2
BRH:0
end_of_record
TN:
SF:src\modules\authors\authors.dto.ts
FN:81,(anonymous_2)
FN:87,(anonymous_3)
FNF:2
FNH:0
FNDA:0,(anonymous_2)
FNDA:0,(anonymous_3)
DA:1,0
DA:2,0
DA:4,0
DA:6,0
DA:10,0
DA:14,0
DA:18,0
DA:22,0
DA:26,0
DA:30,0
DA:34,0
DA:38,0
DA:41,0
DA:44,0
DA:48,0
DA:52,0
DA:56,0
DA:60,0
DA:64,0
DA:68,0
DA:72,0
DA:76,0
DA:79,0
DA:81,0
DA:84,0
DA:87,0
DA:91,0
DA:95,0
LF:28
LH:0
BRF:0
BRH:0
end_of_record
TN:
SF:src\modules\authors\authors.module.ts
FNF:0
FNH:0
DA:1,0
DA:2,0
DA:3,0
DA:4,0
DA:11,0
LF:5
LH:0
BRF:0
BRH:0
end_of_record
TN:
SF:src\modules\authors\authors.service.ts
FN:13,(anonymous_4)
FN:14,(anonymous_5)
FN:20,(anonymous_6)
FN:26,(anonymous_7)
FN:46,(anonymous_8)
FN:81,(anonymous_9)
FN:89,(anonymous_10)
FN:110,(anonymous_11)
FN:119,(anonymous_12)
FN:155,(anonymous_13)
FN:157,(anonymous_14)
FN:169,(anonymous_15)
FN:181,(anonymous_16)
FN:191,(anonymous_17)
FN:204,(anonymous_18)
FN:228,(anonymous_19)
FNF:16
FNH:0
FNDA:0,(anonymous_4)
FNDA:0,(anonymous_5)
FNDA:0,(anonymous_6)
FNDA:0,(anonymous_7)
FNDA:0,(anonymous_8)
FNDA:0,(anonymous_9)
FNDA:0,(anonymous_10)
FNDA:0,(anonymous_11)
FNDA:0,(anonymous_12)
FNDA:0,(anonymous_13)
FNDA:0,(anonymous_14)
FNDA:0,(anonymous_15)
FNDA:0,(anonymous_16)
FNDA:0,(anonymous_17)
FNDA:0,(anonymous_18)
FNDA:0,(anonymous_19)
DA:1,0
DA:2,0
DA:4,0
DA:5,0
DA:7,0
DA:8,0
DA:10,0
DA:11,0
DA:13,0
DA:14,0
DA:17,0
DA:18,0
DA:21,0
DA:22,0
DA:23,0
DA:27,0
DA:28,0
DA:42,0
DA:43,0
DA:47,0
DA:49,0
DA:50,0
DA:51,0
DA:54,0
DA:78,0
DA:82,0
DA:83,0
DA:84,0
DA:85,0
DA:86,0
DA:90,0
DA:106,0
DA:107,0
DA:111,0
DA:112,0
DA:113,0
DA:114,0
DA:115,0
DA:116,0
DA:120,0
DA:154,0
DA:155,0
DA:158,0
DA:159,0
DA:170,0
DA:171,0
DA:172,0
DA:173,0
DA:174,0
DA:178,0
DA:182,0
DA:183,0
DA:184,0
DA:188,0
DA:192,0
DA:193,0
DA:200,0
DA:205,0
DA:206,0
DA:211,0
DA:212,0
DA:223,0
DA:224,0
DA:228,0
DA:234,0
LF:65
LH:0
BRDA:50,0,0,0
BRDA:50,0,1,0
BRDA:83,1,0,0
BRDA:83,1,1,0
BRDA:106,2,0,0
BRDA:106,2,1,0
BRDA:112,3,0,0
BRDA:112,3,1,0
BRDA:154,4,0,0
BRDA:154,4,1,0
BRDA:161,5,0,0
BRDA:161,5,1,0
BRDA:162,6,0,0
BRDA:162,6,1,0
BRDA:197,7,0,0
BRDA:197,7,1,0
BRDA:223,8,0,0
BRDA:223,8,1,0
BRDA:227,9,0,0
BRDA:227,9,1,0
BRF:20
BRH:0
end_of_record
TN:
SF:src\modules\backup\backup.controller.ts
FN:11,(anonymous_2)
FN:15,(anonymous_3)
FN:16,(anonymous_4)
FN:26,(anonymous_5)
FN:39,(anonymous_6)
FNF:5
FNH:0
FNDA:0,(anonymous_2)
FNDA:0,(anonymous_3)
FNDA:0,(anonymous_4)
FNDA:0,(anonymous_5)
FNDA:0,(anonymous_6)
DA:1,0
DA:2,0
DA:3,0
DA:4,0
DA:10,0
DA:11,0
DA:15,0
DA:16,0
DA:26,0
DA:27,0
DA:28,0
DA:29,0
DA:39,0
DA:40,0
DA:41,0
LF:15
LH:0
BRF:0
BRH:0
end_of_record
TN:
SF:src\modules\backup\backup.cron.ts
FN:9,(anonymous_2)
FN:13,(anonymous_3)
FNF:2
FNH:0
FNDA:0,(anonymous_2)
FNDA:0,(anonymous_3)
DA:1,0
DA:2,0
DA:3,0
DA:6,0
DA:7,0
DA:9,0
DA:13,0
DA:14,0
DA:15,0
DA:16,0
DA:17,0
DA:19,0
LF:12
LH:0
BRF:0
BRH:0
end_of_record
TN:
SF:src\modules\backup\backup.module.ts
FNF:0
FNH:0
DA:1,0
DA:2,0
DA:3,0
DA:4,0
DA:11,0
LF:5
LH:0
BRF:0
BRH:0
end_of_record
TN:
SF:src\modules\backup\backup.service.ts
FN:24,(anonymous_11)
FN:36,(anonymous_12)
FN:43,(anonymous_13)
FN:65,(anonymous_14)
FN:102,(anonymous_15)
FN:111,(anonymous_16)
FN:128,(anonymous_17)
FN:133,(anonymous_18)
FN:134,(anonymous_19)
FN:144,(anonymous_20)
FNF:10
FNH:0
FNDA:0,(anonymous_11)
FNDA:0,(anonymous_12)
FNDA:0,(anonymous_13)
FNDA:0,(anonymous_14)
FNDA:0,(anonymous_15)
FNDA:0,(anonymous_16)
FNDA:0,(anonymous_17)
FNDA:0,(anonymous_18)
FNDA:0,(anonymous_19)
FNDA:0,(anonymous_20)
DA:1,0
DA:2,0
DA:3,0
DA:4,0
DA:5,0
DA:6,0
DA:8,0
DA:18,0
DA:19,0
DA:24,0
DA:25,0
DA:29,0
DA:33,0
DA:37,0
DA:38,0
DA:44,0
DA:45,0
DA:47,0
DA:48,0
DA:49,0
DA:51,0
DA:56,0
DA:57,0
DA:59,0
DA:66,0
DA:68,0
DA:73,0
DA:74,0
DA:76,0
DA:77,0
DA:79,0
DA:80,0
DA:82,0
DA:83,0
DA:88,0
DA:89,0
DA:90,0
DA:91,0
DA:95,0
DA:97,0
DA:98,0
DA:103,0
DA:105,0
DA:106,0
DA:111,0
DA:113,0
DA:114,0
DA:115,0
DA:118,0
DA:119,0
DA:120,0
DA:125,0
DA:129,0
DA:131,0
DA:133,0
DA:135,0
DA:136,0
DA:137,0
DA:144,0
LF:59
LH:0
BRDA:37,0,0,0
BRDA:37,0,1,0
BRDA:45,1,0,0
BRDA:45,1,1,0
BRDA:57,2,0,0
BRDA:57,2,1,0
BRDA:97,3,0,0
BRDA:97,3,1,0
BRDA:103,4,0,0
BRDA:103,4,1,0
BRDA:119,5,0,0
BRDA:119,5,1,0
BRDA:129,6,0,0
BRDA:129,6,1,0
BRDA:133,7,0,0
BRDA:133,7,1,0
BRF:16
BRH:0
end_of_record
TN:
SF:src\modules\book-box-collections\book-box-collections.controller.ts
FN:14,(anonymous_4)
FN:18,(anonymous_5)
FN:24,(anonymous_6)
FN:31,(anonymous_7)
FN:38,(anonymous_8)
FN:45,(anonymous_9)
FNF:6
FNH:0
FNDA:0,(anonymous_4)
FNDA:0,(anonymous_5)
FNDA:0,(anonymous_6)
FNDA:0,(anonymous_7)
FNDA:0,(anonymous_8)
FNDA:0,(anonymous_9)
DA:1,0
DA:2,0
DA:3,0
DA:4,0
DA:9,0
DA:13,0
DA:14,0
DA:18,0
DA:19,0
DA:24,0
DA:25,0
DA:31,0
DA:32,0
DA:38,0
DA:39,0
DA:45,0
DA:46,0
LF:17
LH:0
BRF:0
BRH:0
end_of_record
TN:
SF:src\modules\book-box-collections\book-box-collections.dto.ts
FN:36,(anonymous_2)
FN:42,(anonymous_3)
FNF:2
FNH:0
FNDA:0,(anonymous_2)
FNDA:0,(anonymous_3)
DA:1,0
DA:2,0
DA:4,0
DA:6,0
DA:9,0
DA:13,0
DA:16,0
DA:19,0
DA:23,0
DA:26,0
DA:29,0
DA:33,0
DA:36,0
DA:39,0
DA:42,0
DA:46,0
LF:16
LH:0
BRF:0
BRH:0
end_of_record
TN:
SF:src\modules\book-box-collections\book-box-collections.module.ts
FNF:0
FNH:0
DA:1,0
DA:2,0
DA:3,0
DA:10,0
LF:4
LH:0
BRF:0
BRH:0
end_of_record
TN:
SF:src\modules\book-box-collections\book-box-collections.service.ts
FN:25,(anonymous_2)
FN:27,(anonymous_3)
FN:48,(anonymous_4)
FN:67,(anonymous_5)
FN:70,(anonymous_6)
FN:76,(anonymous_7)
FN:89,(anonymous_8)
FN:97,(anonymous_9)
FNF:8
FNH:0
FNDA:0,(anonymous_2)
FNDA:0,(anonymous_3)
FNDA:0,(anonymous_4)
FNDA:0,(anonymous_5)
FNDA:0,(anonymous_6)
FNDA:0,(anonymous_7)
FNDA:0,(anonymous_8)
FNDA:0,(anonymous_9)
DA:1,0
DA:2,0
DA:8,0
DA:9,0
DA:11,0
DA:24,0
DA:25,0
DA:28,0
DA:30,0
DA:31,0
DA:32,0
DA:34,0
DA:45,0
DA:49,0
DA:63,0
DA:65,0
DA:67,0
DA:70,0
DA:77,0
DA:78,0
DA:90,0
DA:91,0
DA:92,0
DA:93,0
DA:94,0
DA:98,0
DA:99,0
LF:27
LH:0
BRDA:28,0,0,0
BRDA:28,0,1,0
BRDA:31,1,0,0
BRDA:31,1,1,0
BRDA:32,2,0,0
BRDA:32,2,1,0
BRDA:63,3,0,0
BRDA:63,3,1,0
BRDA:69,4,0,0
BRDA:69,4,1,0
BRDA:83,5,0,0
BRDA:83,5,1,0
BRDA:92,6,0,0
BRDA:92,6,1,0
BRDA:93,7,0,0
BRDA:93,7,1,0
BRF:16
BRH:0
end_of_record
TN:
SF:src\modules\books\books.controller.ts
FN:22,(anonymous_4)
FN:30,(anonymous_5)
FN:36,(anonymous_6)
FN:42,(anonymous_7)
FN:49,(anonymous_8)
FN:55,(anonymous_9)
FN:61,(anonymous_10)
FN:75,(anonymous_11)
FN:83,(anonymous_12)
FN:92,(anonymous_13)
FN:101,(anonymous_14)
FN:110,(anonymous_15)
FN:117,(anonymous_16)
FNF:13
FNH:0
FNDA:0,(anonymous_4)
FNDA:0,(anonymous_5)
FNDA:0,(anonymous_6)
FNDA:0,(anonymous_7)
FNDA:0,(anonymous_8)
FNDA:0,(anonymous_9)
FNDA:0,(anonymous_10)
FNDA:0,(anonymous_11)
FNDA:0,(anonymous_12)
FNDA:0,(anonymous_13)
FNDA:0,(anonymous_14)
FNDA:0,(anonymous_15)
FNDA:0,(anonymous_16)
DA:1,0
DA:11,0
DA:12,0
DA:13,0
DA:14,0
DA:15,0
DA:16,0
DA:17,0
DA:21,0
DA:23,0
DA:24,0
DA:25,0
DA:30,0
DA:31,0
DA:36,0
DA:37,0
DA:42,0
DA:43,0
DA:49,0
DA:50,0
DA:55,0
DA:56,0
DA:61,0
DA:62,0
DA:63,0
DA:69,0
DA:75,0
DA:76,0
DA:77,0
DA:78,0
DA:83,0
DA:84,0
DA:85,0
DA:86,0
DA:92,0
DA:93,0
DA:94,0
DA:95,0
DA:101,0
DA:102,0
DA:103,0
DA:104,0
DA:110,0
DA:111,0
DA:117,0
DA:118,0
LF:46
LH:0
BRDA:67,0,0,0
BRDA:67,0,1,0
BRF:2
BRH:0
end_of_record
TN:
SF:src\modules\books\books.dto.ts
FN:31,(anonymous_2)
FN:50,(anonymous_3)
FN:59,(anonymous_4)
FN:64,(anonymous_5)
FN:66,(anonymous_6)
FN:81,(anonymous_7)
FN:87,(anonymous_8)
FNF:7
FNH:0
FNDA:0,(anonymous_2)
FNDA:0,(anonymous_3)
FNDA:0,(anonymous_4)
FNDA:0,(anonymous_5)
FNDA:0,(anonymous_6)
FNDA:0,(anonymous_7)
FNDA:0,(anonymous_8)
DA:1,0
DA:11,0
DA:13,0
DA:15,0
DA:19,0
DA:23,0
DA:27,0
DA:31,0
DA:32,0
DA:37,0
DA:41,0
DA:44,0
DA:47,0
DA:50,0
DA:52,0
DA:56,0
DA:59,0
DA:61,0
DA:64,0
DA:66,0
DA:67,0
DA:72,0
DA:76,0
DA:79,0
DA:81,0
DA:84,0
DA:87,0
DA:91,0
DA:95,0
DA:99,0
DA:103,0
DA:107,0
DA:111,0
DA:115,0
LF:34
LH:0
BRF:0
BRH:0
end_of_record
TN:
SF:src\modules\books\books.module.ts
FNF:0
FNH:0
DA:1,0
DA:2,0
DA:3,0
DA:4,0
DA:11,0
LF:5
LH:0
BRF:0
BRH:0
end_of_record
TN:
SF:src\modules\books\books.service.ts
FN:17,(anonymous_4)
FN:23,(anonymous_5)
FN:41,(anonymous_6)
FN:57,(anonymous_7)
FN:135,(anonymous_8)
FN:139,(anonymous_9)
FN:154,(anonymous_10)
FN:171,(anonymous_11)
FN:176,(anonymous_12)
FN:184,(anonymous_13)
FN:188,(anonymous_14)
FN:197,(anonymous_15)
FN:220,(anonymous_16)
FN:263,(anonymous_17)
FN:268,(anonymous_18)
FN:293,(anonymous_19)
FN:304,(anonymous_20)
FN:311,(anonymous_21)
FN:324,(anonymous_22)
FN:337,(anonymous_23)
FN:346,(anonymous_24)
FN:364,(anonymous_25)
FNF:22
FNH:0
FNDA:0,(anonymous_4)
FNDA:0,(anonymous_5)
FNDA:0,(anonymous_6)
FNDA:0,(anonymous_7)
FNDA:0,(anonymous_8)
FNDA:0,(anonymous_9)
FNDA:0,(anonymous_10)
FNDA:0,(anonymous_11)
FNDA:0,(anonymous_12)
FNDA:0,(anonymous_13)
FNDA:0,(anonymous_14)
FNDA:0,(anonymous_15)
FNDA:0,(anonymous_16)
FNDA:0,(anonymous_17)
FNDA:0,(anonymous_18)
FNDA:0,(anonymous_19)
FNDA:0,(anonymous_20)
FNDA:0,(anonymous_21)
FNDA:0,(anonymous_22)
FNDA:0,(anonymous_23)
FNDA:0,(anonymous_24)
FNDA:0,(anonymous_25)
DA:1,0
DA:2,0
DA:4,0
DA:5,0
DA:7,0
DA:8,0
DA:10,0
DA:11,0
DA:14,0
DA:15,0
DA:18,0
DA:19,0
DA:20,0
DA:24,0
DA:25,0
DA:37,0
DA:38,0
DA:42,0
DA:43,0
DA:58,0
DA:60,0
DA:62,0
DA:64,0
DA:65,0
DA:67,0
DA:69,0
DA:70,0
DA:71,0
DA:72,0
DA:74,0
DA:75,0
DA:77,0
DA:78,0
DA:84,0
DA:135,0
DA:136,0
DA:137,0
DA:140,0
DA:141,0
DA:151,0
DA:155,0
DA:156,0
DA:157,0
DA:159,0
DA:171,0
DA:172,0
DA:173,0
DA:177,0
DA:178,0
DA:179,0
DA:181,0
DA:184,0
DA:186,0
DA:187,0
DA:188,0
DA:190,0
DA:192,0
DA:193,0
DA:198,0
DA:216,0
DA:217,0
DA:220,0
DA:260,0
DA:261,0
DA:263,0
DA:269,0
DA:273,0
DA:275,0
DA:293,0
DA:294,0
DA:295,0
DA:305,0
DA:306,0
DA:307,0
DA:308,0
DA:312,0
DA:313,0
DA:314,0
DA:315,0
DA:318,0
DA:319,0
DA:320,0
DA:321,0
DA:325,0
DA:326,0
DA:327,0
DA:330,0
DA:331,0
DA:333,0
DA:338,0
DA:339,0
DA:342,0
DA:343,0
DA:347,0
DA:348,0
DA:359,0
DA:360,0
DA:364,0
DA:369,0
LF:99
LH:0
BRDA:30,0,0,0
BRDA:30,0,1,0
BRDA:33,1,0,0
BRDA:33,1,1,0
BRDA:34,2,0,0
BRDA:34,2,1,0
BRDA:48,3,0,0
BRDA:48,3,1,0
BRDA:51,4,0,0
BRDA:51,4,1,0
BRDA:62,5,0,0
BRDA:62,5,1,0
BRDA:64,6,0,0
BRDA:64,6,1,0
BRDA:64,7,0,0
BRDA:64,7,1,0
BRDA:69,8,0,0
BRDA:69,8,1,0
BRDA:70,9,0,0
BRDA:70,9,1,0
BRDA:71,10,0,0
BRDA:71,10,1,0
BRDA:74,11,0,0
BRDA:74,11,1,0
BRDA:77,12,0,0
BRDA:77,12,1,0
BRDA:107,13,0,0
BRDA:107,13,1,0
BRDA:136,14,0,0
BRDA:136,14,1,0
BRDA:136,15,0,0
BRDA:136,15,1,0
BRDA:143,16,0,0
BRDA:143,16,1,0
BRDA:144,17,0,0
BRDA:144,17,1,0
BRDA:155,18,0,0
BRDA:155,18,1,0
BRDA:157,19,0,0
BRDA:157,19,1,0
BRDA:163,20,0,0
BRDA:163,20,1,0
BRDA:177,21,0,0
BRDA:177,21,1,0
BRDA:179,22,0,0
BRDA:179,22,1,0
BRDA:186,23,0,0
BRDA:186,23,1,0
BRDA:216,24,0,0
BRDA:216,24,1,0
BRDA:260,25,0,0
BRDA:260,25,1,0
BRDA:273,26,0,0
BRDA:273,26,1,0
BRDA:297,27,0,0
BRDA:297,27,1,0
BRDA:298,28,0,0
BRDA:298,28,1,0
BRDA:314,29,0,0
BRDA:314,29,1,0
BRDA:359,30,0,0
BRDA:359,30,1,0
BRDA:363,31,0,0
BRDA:363,31,1,0
BRF:64
BRH:0
end_of_record
TN:
SF:src\modules\bug-reports\bug-reports.controller.ts
FN:15,(anonymous_4)
FN:22,(anonymous_5)
FN:38,(anonymous_6)
FN:53,(anonymous_7)
FN:61,(anonymous_8)
FNF:5
FNH:0
FNDA:0,(anonymous_4)
FNDA:0,(anonymous_5)
FNDA:0,(anonymous_6)
FNDA:0,(anonymous_7)
FNDA:0,(anonymous_8)
DA:1,0
DA:6,0
DA:7,0
DA:8,0
DA:9,0
DA:10,0
DA:14,0
DA:15,0
DA:22,0
DA:26,0
DA:38,0
DA:43,0
DA:53,0
DA:54,0
DA:61,0
DA:62,0
LF:16
LH:0
BRDA:27,0,0,0
BRDA:27,0,1,0
BRDA:44,1,0,0
BRDA:44,1,1,0
BRDA:45,2,0,0
BRDA:45,2,1,0
BRF:6
BRH:0
end_of_record
TN:
SF:src\modules\bug-reports\bug-reports.dto.ts
FNF:0
FNH:0
DA:1,0
DA:3,0
DA:7,0
DA:12,0
DA:17,0
DA:22,0
LF:6
LH:0
BRF:0
BRH:0
end_of_record
TN:
SF:src\modules\bug-reports\bug-reports.module.ts
FNF:0
FNH:0
DA:1,0
DA:2,0
DA:3,0
DA:4,0
DA:11,0
LF:5
LH:0
BRF:0
BRH:0
end_of_record
TN:
SF:src\modules\bug-reports\bug-reports.service.ts
FN:8,(anonymous_2)
FN:13,(anonymous_3)
FN:43,(anonymous_4)
FN:47,(anonymous_5)
FN:51,(anonymous_6)
FN:55,(anonymous_7)
FN:79,(anonymous_8)
FNF:7
FNH:0
FNDA:0,(anonymous_2)
FNDA:0,(anonymous_3)
FNDA:0,(anonymous_4)
FNDA:0,(anonymous_5)
FNDA:0,(anonymous_6)
FNDA:0,(anonymous_7)
FNDA:0,(anonymous_8)
DA:1,0
DA:2,0
DA:3,0
DA:4,0
DA:7,0
DA:9,0
DA:10,0
DA:20,0
DA:31,0
DA:32,0
DA:40,0
DA:44,0
DA:45,0
DA:47,0
DA:51,0
DA:56,0
DA:63,0
DA:65,0
DA:68,0
DA:76,0
DA:80,0
LF:21
LH:0
BRDA:22,0,0,0
BRDA:22,0,1,0
BRDA:25,1,0,0
BRDA:25,1,1,0
BRDA:26,2,0,0
BRDA:26,2,1,0
BRDA:31,3,0,0
BRDA:31,3,1,0
BRDA:43,4,0,0
BRDA:43,5,0,0
BRDA:44,6,0,0
BRDA:44,6,1,0
BRDA:63,7,0,0
BRDA:63,7,1,0
BRDA:63,8,0,0
BRDA:63,8,1,0
BRDA:63,8,2,0
BRDA:65,9,0,0
BRDA:65,9,1,0
BRDA:71,10,0,0
BRDA:71,10,1,0
BRF:21
BRH:0
end_of_record
TN:
SF:src\modules\collection\collection.controller.ts
FN:12,(anonymous_4)
FN:18,(anonymous_5)
FN:23,(anonymous_6)
FN:28,(anonymous_7)
FN:33,(anonymous_8)
FN:60,(anonymous_9)
FN:68,(anonymous_10)
FN:76,(anonymous_11)
FN:92,(anonymous_12)
FN:105,(anonymous_13)
FN:133,(anonymous_14)
FN:147,(anonymous_15)
FN:158,(anonymous_16)
FN:168,(anonymous_17)
FN:177,(anonymous_18)
FN:188,(anonymous_19)
FN:197,(anonymous_20)
FN:205,(anonymous_21)
FN:214,(anonymous_22)
FN:224,(anonymous_23)
FN:233,(anonymous_24)
FN:242,(anonymous_25)
FN:250,(anonymous_26)
FN:259,(anonymous_27)
FN:269,(anonymous_28)
FNF:25
FNH:0
FNDA:0,(anonymous_4)
FNDA:0,(anonymous_5)
FNDA:0,(anonymous_6)
FNDA:0,(anonymous_7)
FNDA:0,(anonymous_8)
FNDA:0,(anonymous_9)
FNDA:0,(anonymous_10)
FNDA:0,(anonymous_11)
FNDA:0,(anonymous_12)
FNDA:0,(anonymous_13)
FNDA:0,(anonymous_14)
FNDA:0,(anonymous_15)
FNDA:0,(anonymous_16)
FNDA:0,(anonymous_17)
FNDA:0,(anonymous_18)
FNDA:0,(anonymous_19)
FNDA:0,(anonymous_20)
FNDA:0,(anonymous_21)
FNDA:0,(anonymous_22)
FNDA:0,(anonymous_23)
FNDA:0,(anonymous_24)
FNDA:0,(anonymous_25)
FNDA:0,(anonymous_26)
FNDA:0,(anonymous_27)
FNDA:0,(anonymous_28)
DA:1,0
DA:2,0
DA:3,0
DA:4,0
DA:5,0
DA:6,0
DA:11,0
DA:13,0
DA:14,0
DA:18,0
DA:19,0
DA:23,0
DA:24,0
DA:28,0
DA:29,0
DA:33,0
DA:44,0
DA:45,0
DA:46,0
DA:60,0
DA:64,0
DA:68,0
DA:72,0
DA:76,0
DA:80,0
DA:81,0
DA:88,0
DA:92,0
DA:93,0
DA:94,0
DA:101,0
DA:105,0
DA:110,0
DA:111,0
DA:112,0
DA:120,0
DA:121,0
DA:129,0
DA:133,0
DA:135,0
DA:136,0
DA:143,0
DA:147,0
DA:152,0
DA:153,0
DA:154,0
DA:158,0
DA:164,0
DA:168,0
DA:173,0
DA:177,0
DA:178,0
DA:179,0
DA:188,0
DA:193,0
DA:197,0
DA:201,0
DA:205,0
DA:210,0
DA:214,0
DA:220,0
DA:224,0
DA:229,0
DA:233,0
DA:238,0
DA:242,0
DA:246,0
DA:250,0
DA:255,0
DA:259,0
DA:265,0
DA:269,0
DA:274,0
LF:73
LH:0
BRDA:44,0,0,0
BRDA:44,0,1,0
BRDA:48,1,0,0
BRDA:48,1,1,0
BRDA:49,2,0,0
BRDA:49,2,1,0
BRDA:98,3,0,0
BRDA:98,3,1,0
BRDA:111,4,0,0
BRDA:111,4,1,0
BRDA:116,5,0,0
BRDA:116,5,1,0
BRDA:120,6,0,0
BRDA:120,6,1,0
BRDA:125,7,0,0
BRDA:125,7,1,0
BRDA:140,8,0,0
BRDA:140,8,1,0
BRDA:183,9,0,0
BRDA:183,9,1,0
BRF:20
BRH:0
end_of_record
TN:
SF:src\modules\collection\collection.dto.ts
FNF:0
FNH:0
DA:1,0
DA:3,0
DA:16,0
DA:19,0
DA:20,0
DA:21,0
DA:22,0
DA:23,0
DA:24,0
DA:25,0
DA:26,0
DA:28,0
DA:31,0
DA:32,0
DA:33,0
DA:34,0
DA:35,0
DA:36,0
DA:37,0
DA:38,0
DA:39,0
DA:40,0
DA:41,0
DA:42,0
DA:43,0
DA:44,0
DA:45,0
DA:48,0
DA:49,0
DA:51,0
DA:54,0
DA:55,0
DA:58,0
DA:61,0
DA:64,0
DA:65,0
DA:66,0
DA:69,0
DA:70,0
DA:71,0
DA:74,0
DA:75,0
DA:76,0
DA:77,0
DA:78,0
DA:81,0
DA:82,0
DA:83,0
DA:84,0
DA:85,0
LF:50
LH:0
BRF:0
BRH:0
end_of_record
TN:
SF:src\modules\collection\collection.module.ts
FNF:0
FNH:0
DA:1,0
DA:2,0
DA:3,0
DA:4,0
DA:5,0
DA:6,0
DA:13,0
LF:7
LH:0
BRF:0
BRH:0
end_of_record
TN:
SF:src\modules\collection\collection.service.ts
FN:21,(anonymous_2)
FN:27,(anonymous_3)
FN:31,(anonymous_4)
FN:80,(anonymous_5)
FN:182,(anonymous_6)
FN:186,(anonymous_7)
FN:203,(anonymous_8)
FN:219,(anonymous_9)
FN:222,(anonymous_10)
FN:229,(anonymous_11)
FN:232,(anonymous_12)
FN:233,(anonymous_13)
FN:239,(anonymous_14)
FN:248,(anonymous_15)
FN:273,(anonymous_16)
FN:299,(anonymous_17)
FN:382,(anonymous_18)
FN:386,(anonymous_19)
FN:396,(anonymous_20)
FN:408,(anonymous_21)
FN:417,(anonymous_22)
FN:463,(anonymous_23)
FN:469,(anonymous_24)
FN:487,(anonymous_25)
FN:509,(anonymous_26)
FN:516,(anonymous_27)
FN:528,(anonymous_28)
FN:546,(anonymous_29)
FN:561,(anonymous_30)
FN:575,(anonymous_31)
FN:589,(anonymous_32)
FN:597,(anonymous_33)
FN:603,(anonymous_34)
FN:612,(anonymous_35)
FN:626,(anonymous_36)
FN:640,(anonymous_37)
FN:646,(anonymous_38)
FN:668,(anonymous_39)
FN:676,(anonymous_40)
FN:683,(anonymous_41)
FN:692,(anonymous_42)
FN:704,(anonymous_43)
FN:713,(anonymous_44)
FNF:43
FNH:0
FNDA:0,(anonymous_2)
FNDA:0,(anonymous_3)
FNDA:0,(anonymous_4)
FNDA:0,(anonymous_5)
FNDA:0,(anonymous_6)
FNDA:0,(anonymous_7)
FNDA:0,(anonymous_8)
FNDA:0,(anonymous_9)
FNDA:0,(anonymous_10)
FNDA:0,(anonymous_11)
FNDA:0,(anonymous_12)
FNDA:0,(anonymous_13)
FNDA:0,(anonymous_14)
FNDA:0,(anonymous_15)
FNDA:0,(anonymous_16)
FNDA:0,(anonymous_17)
FNDA:0,(anonymous_18)
FNDA:0,(anonymous_19)
FNDA:0,(anonymous_20)
FNDA:0,(anonymous_21)
FNDA:0,(anonymous_22)
FNDA:0,(anonymous_23)
FNDA:0,(anonymous_24)
FNDA:0,(anonymous_25)
FNDA:0,(anonymous_26)
FNDA:0,(anonymous_27)
FNDA:0,(anonymous_28)
FNDA:0,(anonymous_29)
FNDA:0,(anonymous_30)
FNDA:0,(anonymous_31)
FNDA:0,(anonymous_32)
FNDA:0,(anonymous_33)
FNDA:0,(anonymous_34)
FNDA:0,(anonymous_35)
FNDA:0,(anonymous_36)
FNDA:0,(anonymous_37)
FNDA:0,(anonymous_38)
FNDA:0,(anonymous_39)
FNDA:0,(anonymous_40)
FNDA:0,(anonymous_41)
FNDA:0,(anonymous_42)
FNDA:0,(anonymous_43)
FNDA:0,(anonymous_44)
DA:1,0
DA:2,0
DA:3,0
DA:4,0
DA:7,0
DA:8,0
DA:9,0
DA:20,0
DA:22,0
DA:23,0
DA:24,0
DA:28,0
DA:32,0
DA:33,0
DA:34,0
DA:35,0
DA:36,0
DA:37,0
DA:38,0
DA:39,0
DA:40,0
DA:42,0
DA:43,0
DA:80,0
DA:81,0
DA:82,0
DA:83,0
DA:84,0
DA:94,0
DA:97,0
DA:182,0
DA:183,0
DA:184,0
DA:186,0
DA:200,0
DA:204,0
DA:214,0
DA:215,0
DA:216,0
DA:217,0
DA:219,0
DA:223,0
DA:229,0
DA:233,0
DA:234,0
DA:239,0
DA:245,0
DA:249,0
DA:250,0
DA:251,0
DA:252,0
DA:253,0
DA:268,0
DA:269,0
DA:270,0
DA:274,0
DA:275,0
DA:277,0
DA:280,0
DA:281,0
DA:282,0
DA:284,0
DA:294,0
DA:295,0
DA:296,0
DA:300,0
DA:382,0
DA:383,0
DA:384,0
DA:386,0
DA:397,0
DA:401,0
DA:402,0
DA:409,0
DA:413,0
DA:414,0
DA:418,0
DA:419,0
DA:420,0
DA:422,0
DA:424,0
DA:448,0
DA:449,0
DA:452,0
DA:459,0
DA:460,0
DA:461,0
DA:464,0
DA:466,0
DA:470,0
DA:471,0
DA:480,0
DA:491,0
DA:492,0
DA:493,0
DA:494,0
DA:495,0
DA:497,0
DA:498,0
DA:499,0
DA:501,0
DA:504,0
DA:508,0
DA:509,0
DA:512,0
DA:513,0
DA:521,0
DA:525,0
DA:527,0
DA:529,0
DA:536,0
DA:537,0
DA:538,0
DA:542,0
DA:543,0
DA:547,0
DA:551,0
DA:552,0
DA:554,0
DA:562,0
DA:563,0
DA:564,0
DA:565,0
DA:576,0
DA:577,0
DA:578,0
DA:579,0
DA:590,0
DA:591,0
DA:592,0
DA:593,0
DA:594,0
DA:598,0
DA:599,0
DA:600,0
DA:604,0
DA:605,0
DA:613,0
DA:614,0
DA:627,0
DA:628,0
DA:641,0
DA:642,0
DA:643,0
DA:647,0
DA:663,0
DA:664,0
DA:665,0
DA:667,0
DA:668,0
DA:671,0
DA:672,0
DA:675,0
DA:676,0
DA:679,0
DA:680,0
DA:684,0
DA:685,0
DA:686,0
DA:687,0
DA:693,0
DA:697,0
DA:698,0
DA:705,0
DA:709,0
DA:710,0
DA:714,0
DA:723,0
LF:168
LH:0
BRDA:31,0,0,0
BRDA:31,1,0,0
BRDA:31,2,0,0
BRDA:36,3,0,0
BRDA:36,3,1,0
BRDA:37,4,0,0
BRDA:37,4,1,0
BRDA:38,5,0,0
BRDA:38,5,1,0
BRDA:39,6,0,0
BRDA:39,6,1,0
BRDA:40,7,0,0
BRDA:40,7,1,0
BRDA:42,8,0,0
BRDA:42,8,1,0
BRDA:82,9,0,0
BRDA:82,9,1,0
BRDA:88,10,0,0
BRDA:88,10,1,0
BRDA:89,11,0,0
BRDA:89,11,1,0
BRDA:186,12,0,0
BRDA:186,12,1,0
BRDA:188,13,0,0
BRDA:188,13,1,0
BRDA:193,14,0,0
BRDA:193,14,1,0
BRDA:194,15,0,0
BRDA:194,15,1,0
BRDA:217,16,0,0
BRDA:217,16,1,0
BRDA:217,17,0,0
BRDA:217,17,1,0
BRDA:236,18,0,0
BRDA:236,18,1,0
BRDA:250,19,0,0
BRDA:250,19,1,0
BRDA:251,20,0,0
BRDA:251,20,1,0
BRDA:252,21,0,0
BRDA:252,21,1,0
BRDA:259,22,0,0
BRDA:259,22,1,0
BRDA:260,23,0,0
BRDA:260,23,1,0
BRDA:261,24,0,0
BRDA:261,24,1,0
BRDA:263,25,0,0
BRDA:263,25,1,0
BRDA:264,26,0,0
BRDA:264,26,1,0
BRDA:265,27,0,0
BRDA:265,27,1,0
BRDA:275,28,0,0
BRDA:275,28,1,0
BRDA:280,29,0,0
BRDA:280,29,1,0
BRDA:281,30,0,0
BRDA:281,30,1,0
BRDA:386,31,0,0
BRDA:386,31,1,0
BRDA:388,32,0,0
BRDA:388,32,1,0
BRDA:389,33,0,0
BRDA:389,33,1,0
BRDA:390,34,0,0
BRDA:390,34,1,0
BRDA:401,35,0,0
BRDA:401,35,1,0
BRDA:403,36,0,0
BRDA:403,36,1,0
BRDA:413,37,0,0
BRDA:413,37,1,0
BRDA:413,38,0,0
BRDA:413,38,1,0
BRDA:419,39,0,0
BRDA:419,39,1,0
BRDA:427,40,0,0
BRDA:427,40,1,0
BRDA:428,41,0,0
BRDA:428,41,1,0
BRDA:429,42,0,0
BRDA:429,42,1,0
BRDA:430,43,0,0
BRDA:430,43,1,0
BRDA:431,44,0,0
BRDA:431,44,1,0
BRDA:432,45,0,0
BRDA:432,45,1,0
BRDA:433,46,0,0
BRDA:433,46,1,0
BRDA:434,47,0,0
BRDA:434,47,1,0
BRDA:435,48,0,0
BRDA:435,48,1,0
BRDA:436,49,0,0
BRDA:436,49,1,0
BRDA:437,50,0,0
BRDA:437,50,1,0
BRDA:438,51,0,0
BRDA:438,51,1,0
BRDA:438,52,0,0
BRDA:438,52,1,0
BRDA:439,53,0,0
BRDA:439,53,1,0
BRDA:439,54,0,0
BRDA:439,54,1,0
BRDA:442,55,0,0
BRDA:442,55,1,0
BRDA:442,55,2,0
BRDA:445,56,0,0
BRDA:445,56,1,0
BRDA:448,57,0,0
BRDA:448,57,1,0
BRDA:448,58,0,0
BRDA:448,58,1,0
BRDA:449,59,0,0
BRDA:449,59,1,0
BRDA:451,60,0,0
BRDA:451,60,1,0
BRDA:455,61,0,0
BRDA:455,61,1,0
BRDA:459,62,0,0
BRDA:459,62,1,0
BRDA:459,63,0,0
BRDA:459,63,1,0
BRDA:460,64,0,0
BRDA:460,64,1,0
BRDA:464,65,0,0
BRDA:464,65,1,0
BRDA:464,66,0,0
BRDA:464,66,1,0
BRDA:470,67,0,0
BRDA:470,67,1,0
BRDA:492,68,0,0
BRDA:492,68,1,0
BRDA:492,69,0,0
BRDA:492,69,1,0
BRDA:492,69,2,0
BRDA:492,69,3,0
BRDA:493,70,0,0
BRDA:493,70,1,0
BRDA:497,71,0,0
BRDA:497,71,1,0
BRDA:497,72,0,0
BRDA:497,72,1,0
BRDA:498,73,0,0
BRDA:498,73,1,0
BRDA:498,74,0,0
BRDA:498,74,1,0
BRDA:499,75,0,0
BRDA:499,75,1,0
BRDA:499,76,0,0
BRDA:499,76,1,0
BRDA:499,77,0,0
BRDA:499,77,1,0
BRDA:501,78,0,0
BRDA:501,78,1,0
BRDA:501,79,0,0
BRDA:501,79,1,0
BRDA:501,79,2,0
BRDA:504,80,0,0
BRDA:504,80,1,0
BRDA:508,81,0,0
BRDA:508,81,1,0
BRDA:508,82,0,0
BRDA:508,82,1,0
BRDA:525,83,0,0
BRDA:525,83,1,0
BRDA:537,84,0,0
BRDA:537,84,1,0
BRDA:551,85,0,0
BRDA:551,85,1,0
BRDA:563,86,0,0
BRDA:563,86,1,0
BRDA:569,87,0,0
BRDA:569,87,1,0
BRDA:577,88,0,0
BRDA:577,88,1,0
BRDA:582,89,0,0
BRDA:582,89,1,0
BRDA:583,90,0,0
BRDA:583,90,1,0
BRDA:591,91,0,0
BRDA:591,91,1,0
BRDA:599,92,0,0
BRDA:599,92,1,0
BRDA:617,93,0,0
BRDA:617,93,1,0
BRDA:618,94,0,0
BRDA:618,94,1,0
BRDA:619,95,0,0
BRDA:619,95,1,0
BRDA:620,96,0,0
BRDA:620,96,1,0
BRDA:631,97,0,0
BRDA:631,97,1,0
BRDA:631,98,0,0
BRDA:631,98,1,0
BRDA:632,99,0,0
BRDA:632,99,1,0
BRDA:632,100,0,0
BRDA:632,100,1,0
BRDA:633,101,0,0
BRDA:633,101,1,0
BRDA:634,102,0,0
BRDA:634,102,1,0
BRDA:663,103,0,0
BRDA:663,103,1,0
BRDA:667,104,0,0
BRDA:667,104,1,0
BRDA:667,105,0,0
BRDA:667,105,1,0
BRDA:671,106,0,0
BRDA:671,106,1,0
BRDA:675,107,0,0
BRDA:675,107,1,0
BRDA:685,108,0,0
BRDA:685,108,1,0
BRDA:688,109,0,0
BRDA:688,109,1,0
BRDA:697,110,0,0
BRDA:697,110,1,0
BRDA:697,111,0,0
BRDA:697,111,1,0
BRDA:700,112,0,0
BRDA:700,112,1,0
BRDA:709,113,0,0
BRDA:709,113,1,0
BRDA:709,114,0,0
BRDA:709,114,1,0
BRF:231
BRH:0
end_of_record
TN:
SF:src\modules\companies\companies.controller.ts
FN:25,(anonymous_4)
FN:33,(anonymous_5)
FN:39,(anonymous_6)
FN:45,(anonymous_7)
FN:51,(anonymous_8)
FN:68,(anonymous_9)
FN:82,(anonymous_10)
FN:91,(anonymous_11)
FN:105,(anonymous_12)
FN:115,(anonymous_13)
FN:130,(anonymous_14)
FNF:11
FNH:0
FNDA:0,(anonymous_4)
FNDA:0,(anonymous_5)
FNDA:0,(anonymous_6)
FNDA:0,(anonymous_7)
FNDA:0,(anonymous_8)
FNDA:0,(anonymous_9)
FNDA:0,(anonymous_10)
FNDA:0,(anonymous_11)
FNDA:0,(anonymous_12)
FNDA:0,(anonymous_13)
FNDA:0,(anonymous_14)
DA:1,0
DA:13,0
DA:14,0
DA:15,0
DA:16,0
DA:17,0
DA:18,0
DA:19,0
DA:20,0
DA:24,0
DA:26,0
DA:27,0
DA:28,0
DA:33,0
DA:34,0
DA:39,0
DA:40,0
DA:45,0
DA:46,0
DA:51,0
DA:59,0
DA:63,0
DA:68,0
DA:69,0
DA:70,0
DA:76,0
DA:82,0
DA:83,0
DA:84,0
DA:85,0
DA:91,0
DA:96,0
DA:97,0
DA:98,0
DA:99,0
DA:105,0
DA:106,0
DA:107,0
DA:108,0
DA:115,0
DA:120,0
DA:121,0
DA:122,0
DA:123,0
DA:130,0
DA:134,0
DA:135,0
DA:143,0
LF:48
LH:0
BRDA:60,0,0,0
BRDA:60,0,1,0
BRDA:61,1,0,0
BRDA:61,1,1,0
BRDA:74,2,0,0
BRDA:74,2,1,0
BRDA:121,3,0,0
BRDA:121,3,1,0
BRF:8
BRH:0
end_of_record
TN:
SF:src\modules\companies\companies.dto.ts
FN:67,(anonymous_2)
FN:72,(anonymous_3)
FN:77,(anonymous_4)
FN:82,(anonymous_5)
FN:87,(anonymous_6)
FN:92,(anonymous_7)
FN:97,(anonymous_8)
FN:102,(anonymous_9)
FN:107,(anonymous_10)
FN:112,(anonymous_11)
FN:117,(anonymous_12)
FN:132,(anonymous_13)
FN:138,(anonymous_14)
FNF:13
FNH:0
FNDA:0,(anonymous_2)
FNDA:0,(anonymous_3)
FNDA:0,(anonymous_4)
FNDA:0,(anonymous_5)
FNDA:0,(anonymous_6)
FNDA:0,(anonymous_7)
FNDA:0,(anonymous_8)
FNDA:0,(anonymous_9)
FNDA:0,(anonymous_10)
FNDA:0,(anonymous_11)
FNDA:0,(anonymous_12)
FNDA:0,(anonymous_13)
FNDA:0,(anonymous_14)
DA:1,0
DA:2,0
DA:4,0
DA:6,0
DA:10,0
DA:14,0
DA:18,0
DA:22,0
DA:26,0
DA:30,0
DA:34,0
DA:38,0
DA:42,0
DA:46,0
DA:50,0
DA:54,0
DA:58,0
DA:61,0
DA:64,0
DA:67,0
DA:69,0
DA:72,0
DA:74,0
DA:77,0
DA:79,0
DA:82,0
DA:84,0
DA:87,0
DA:89,0
DA:92,0
DA:94,0
DA:97,0
DA:99,0
DA:102,0
DA:104,0
DA:107,0
DA:109,0
DA:112,0
DA:114,0
DA:117,0
DA:119,0
DA:123,0
DA:127,0
DA:130,0
DA:132,0
DA:135,0
DA:138,0
DA:142,0
DA:146,0
DA:150,0
LF:50
LH:0
BRF:0
BRH:0
end_of_record
TN:
SF:src\modules\companies\companies.module.ts
FNF:0
FNH:0
DA:1,0
DA:2,0
DA:3,0
DA:4,0
DA:5,0
DA:12,0
LF:6
LH:0
BRF:0
BRH:0
end_of_record
TN:
SF:src\modules\companies\companies.service.ts
FN:16,(anonymous_4)
FN:17,(anonymous_5)
FN:18,(anonymous_6)
FN:19,(anonymous_7)
FN:20,(anonymous_8)
FN:22,formatInterval
FN:33,(anonymous_10)
FN:40,(anonymous_11)
FN:44,(anonymous_12)
FN:69,(anonymous_13)
FN:76,(anonymous_14)
FN:83,(anonymous_15)
FN:116,(anonymous_16)
FN:124,(anonymous_17)
FN:141,(anonymous_18)
FN:173,(anonymous_19)
FN:186,(anonymous_20)
FN:233,(anonymous_21)
FN:244,(anonymous_22)
FN:257,(anonymous_23)
FN:266,(anonymous_24)
FN:268,(anonymous_25)
FN:274,(anonymous_26)
FN:304,(anonymous_27)
FN:323,(anonymous_28)
FN:392,(anonymous_29)
FN:405,(anonymous_30)
FN:448,(anonymous_31)
FNF:28
FNH:0
FNDA:0,(anonymous_4)
FNDA:0,(anonymous_5)
FNDA:0,(anonymous_6)
FNDA:0,(anonymous_7)
FNDA:0,(anonymous_8)
FNDA:0,formatInterval
FNDA:0,(anonymous_10)
FNDA:0,(anonymous_11)
FNDA:0,(anonymous_12)
FNDA:0,(anonymous_13)
FNDA:0,(anonymous_14)
FNDA:0,(anonymous_15)
FNDA:0,(anonymous_16)
FNDA:0,(anonymous_17)
FNDA:0,(anonymous_18)
FNDA:0,(anonymous_19)
FNDA:0,(anonymous_20)
FNDA:0,(anonymous_21)
FNDA:0,(anonymous_22)
FNDA:0,(anonymous_23)
FNDA:0,(anonymous_24)
FNDA:0,(anonymous_25)
FNDA:0,(anonymous_26)
FNDA:0,(anonymous_27)
FNDA:0,(anonymous_28)
FNDA:0,(anonymous_29)
FNDA:0,(anonymous_30)
FNDA:0,(anonymous_31)
DA:1,0
DA:2,0
DA:4,0
DA:5,0
DA:6,0
DA:7,0
DA:9,0
DA:10,0
DA:11,0
DA:12,0
DA:14,0
DA:15,0
DA:16,0
DA:17,0
DA:18,0
DA:19,0
DA:20,0
DA:23,0
DA:24,0
DA:25,0
DA:26,0
DA:30,0
DA:31,0
DA:34,0
DA:35,0
DA:36,0
DA:37,0
DA:41,0
DA:45,0
DA:46,0
DA:65,0
DA:66,0
DA:70,0
DA:77,0
DA:84,0
DA:86,0
DA:87,0
DA:88,0
DA:89,0
DA:92,0
DA:113,0
DA:117,0
DA:118,0
DA:119,0
DA:120,0
DA:121,0
DA:125,0
DA:137,0
DA:138,0
DA:146,0
DA:150,0
DA:151,0
DA:152,0
DA:153,0
DA:154,0
DA:155,0
DA:157,0
DA:160,0
DA:162,0
DA:163,0
DA:165,0
DA:166,0
DA:169,0
DA:170,0
DA:174,0
DA:175,0
DA:176,0
DA:187,0
DA:191,0
DA:193,0
DA:233,0
DA:234,0
DA:235,0
DA:245,0
DA:246,0
DA:248,0
DA:249,0
DA:251,0
DA:252,0
DA:253,0
DA:254,0
DA:258,0
DA:259,0
DA:260,0
DA:261,0
DA:262,0
DA:263,0
DA:267,0
DA:268,0
DA:269,0
DA:270,0
DA:271,0
DA:280,0
DA:282,0
DA:283,0
DA:284,0
DA:285,0
DA:286,0
DA:289,0
DA:290,0
DA:291,0
DA:300,0
DA:301,0
DA:302,0
DA:303,0
DA:304,0
DA:306,0
DA:310,0
DA:312,0
DA:315,0
DA:319,0
DA:323,0
DA:324,0
DA:325,0
DA:326,0
DA:327,0
DA:333,0
DA:334,0
DA:335,0
DA:336,0
DA:337,0
DA:341,0
DA:343,0
DA:346,0
DA:351,0
DA:352,0
DA:353,0
DA:362,0
DA:363,0
DA:364,0
DA:365,0
DA:366,0
DA:367,0
DA:368,0
DA:369,0
DA:372,0
DA:376,0
DA:378,0
DA:381,0
DA:384,0
DA:389,0
DA:393,0
DA:394,0
DA:401,0
DA:406,0
DA:407,0
DA:415,0
DA:416,0
DA:426,0
DA:443,0
DA:444,0
DA:448,0
DA:456,0
LF:153
LH:0
BRDA:23,0,0,0
BRDA:23,0,1,0
BRDA:24,1,0,0
BRDA:24,1,1,0
BRDA:25,2,0,0
BRDA:25,2,1,0
BRDA:61,3,0,0
BRDA:61,3,1,0
BRDA:62,4,0,0
BRDA:62,4,1,0
BRDA:87,5,0,0
BRDA:87,5,1,0
BRDA:88,6,0,0
BRDA:88,6,1,0
BRDA:118,7,0,0
BRDA:118,7,1,0
BRDA:137,8,0,0
BRDA:137,8,1,0
BRDA:144,9,0,0
BRDA:150,10,0,0
BRDA:150,10,1,0
BRDA:152,11,0,0
BRDA:152,11,1,0
BRDA:154,12,0,0
BRDA:154,12,1,0
BRDA:162,13,0,0
BRDA:162,13,1,0
BRDA:162,14,0,0
BRDA:162,14,1,0
BRDA:175,15,0,0
BRDA:175,15,1,0
BRDA:179,16,0,0
BRDA:179,16,1,0
BRDA:180,17,0,0
BRDA:180,17,1,0
BRDA:181,18,0,0
BRDA:181,18,1,0
BRDA:186,19,0,0
BRDA:186,20,0,0
BRDA:191,21,0,0
BRDA:191,21,1,0
BRDA:196,22,0,0
BRDA:196,22,1,0
BRDA:197,23,0,0
BRDA:197,23,1,0
BRDA:198,24,0,0
BRDA:198,24,1,0
BRDA:237,25,0,0
BRDA:237,25,1,0
BRDA:238,26,0,0
BRDA:238,26,1,0
BRDA:248,27,0,0
BRDA:248,27,1,0
BRDA:248,28,0,0
BRDA:248,28,1,0
BRDA:268,29,0,0
BRDA:268,29,1,0
BRDA:300,30,0,0
BRDA:300,30,1,0
BRDA:312,31,0,0
BRDA:312,31,1,0
BRDA:324,32,0,0
BRDA:324,32,1,0
BRDA:333,33,0,0
BRDA:333,33,1,0
BRDA:336,34,0,0
BRDA:336,34,1,0
BRDA:343,35,0,0
BRDA:343,35,1,0
BRDA:362,36,0,0
BRDA:362,36,1,0
BRDA:365,37,0,0
BRDA:365,37,1,0
BRDA:366,38,0,0
BRDA:366,38,1,0
BRDA:368,39,0,0
BRDA:368,39,1,0
BRDA:369,40,0,0
BRDA:369,40,1,0
BRDA:378,41,0,0
BRDA:378,41,1,0
BRDA:398,42,0,0
BRDA:398,42,1,0
BRDA:420,43,0,0
BRDA:420,43,1,0
BRDA:421,44,0,0
BRDA:421,44,1,0
BRDA:449,45,0,0
BRDA:449,45,1,0
BRDA:450,46,0,0
BRDA:450,46,1,0
BRDA:451,47,0,0
BRDA:451,47,1,0
BRF:93
BRH:0
end_of_record
TN:
SF:src\modules\crowd-stats\crowd-stats.controller.ts
FN:13,(anonymous_4)
FN:22,(anonymous_5)
FN:57,(anonymous_6)
FN:75,(anonymous_7)
FNF:4
FNH:0
FNDA:0,(anonymous_4)
FNDA:0,(anonymous_5)
FNDA:0,(anonymous_6)
FNDA:0,(anonymous_7)
DA:1,0
DA:2,0
DA:4,0
DA:5,0
DA:6,0
DA:7,0
DA:9,0
DA:12,0
DA:14,0
DA:15,0
DA:16,0
DA:17,0
DA:22,0
DA:26,0
DA:27,0
DA:29,0
DA:30,0
DA:34,0
DA:35,0
DA:38,0
DA:39,0
DA:41,0
DA:42,0
DA:45,0
DA:52,0
DA:57,0
DA:58,0
DA:59,0
DA:60,0
DA:62,0
DA:63,0
DA:65,0
DA:68,0
DA:69,0
DA:70,0
DA:75,0
DA:76,0
DA:77,0
DA:78,0
DA:79,0
LF:40
LH:0
BRDA:27,0,0,0
BRDA:27,0,1,0
BRDA:30,1,0,0
BRDA:30,1,1,0
BRDA:34,2,0,0
BRDA:34,2,1,0
BRDA:34,3,0,0
BRDA:34,3,1,0
BRDA:35,4,0,0
BRDA:35,4,1,0
BRDA:38,5,0,0
BRDA:38,5,1,0
BRDA:41,6,0,0
BRDA:41,6,1,0
BRDA:46,7,0,0
BRDA:46,7,1,0
BRDA:47,8,0,0
BRDA:47,8,1,0
BRDA:48,9,0,0
BRDA:48,9,1,0
BRDA:49,10,0,0
BRDA:49,10,1,0
BRDA:60,11,0,0
BRDA:60,11,1,0
BRDA:63,12,0,0
BRDA:63,12,1,0
BRDA:77,13,0,0
BRDA:77,13,1,0
BRDA:79,14,0,0
BRDA:79,14,1,0
BRF:30
BRH:0
end_of_record
TN:
SF:src\modules\crowd-stats\crowd-stats.module.ts
FNF:0
FNH:0
DA:1,0
DA:2,0
DA:3,0
DA:4,0
DA:5,0
DA:6,0
DA:14,0
LF:7
LH:0
BRF:0
BRH:0
end_of_record
TN:
SF:src\modules\crowd-stats\crowd-stats.service.ts
FN:6,normalizeToMidnightUTC
FN:12,(anonymous_3)
FN:26,(anonymous_4)
FN:62,(anonymous_5)
FN:102,(anonymous_6)
FN:113,(anonymous_7)
FN:114,(anonymous_8)
FN:116,(anonymous_9)
FN:126,(anonymous_10)
FN:136,(anonymous_11)
FN:140,(anonymous_12)
FNF:11
FNH:0
FNDA:0,normalizeToMidnightUTC
FNDA:0,(anonymous_3)
FNDA:0,(anonymous_4)
FNDA:0,(anonymous_5)
FNDA:0,(anonymous_6)
FNDA:0,(anonymous_7)
FNDA:0,(anonymous_8)
FNDA:0,(anonymous_9)
FNDA:0,(anonymous_10)
FNDA:0,(anonymous_11)
FNDA:0,(anonymous_12)
DA:1,9
DA:2,9
DA:3,9
DA:4,9
DA:7,0
DA:11,9
DA:13,0
DA:14,0
DA:28,0
DA:39,0
DA:42,0
DA:43,0
DA:46,0
DA:47,0
DA:49,0
DA:53,0
DA:59,0
DA:69,0
DA:88,0
DA:89,0
DA:90,0
DA:93,0
DA:103,0
DA:104,0
DA:106,0
DA:117,0
DA:127,0
DA:137,0
DA:141,0
LF:29
LH:5
BRDA:43,0,0,0
BRDA:43,0,1,0
BRDA:89,1,0,0
BRDA:89,1,1,0
BRDA:89,2,0,0
BRDA:89,2,1,0
BRDA:104,3,0,0
BRDA:104,3,1,0
BRDA:108,4,0,0
BRDA:108,4,1,0
BRDA:109,5,0,0
BRDA:109,5,1,0
BRF:12
BRH:0
end_of_record
TN:
SF:src\modules\crowd-stats\subscriber-count-reconcile.cron.ts
FN:9,(anonymous_2)
FN:13,(anonymous_3)
FN:23,(anonymous_4)
FN:36,(anonymous_5)
FN:37,(anonymous_6)
FNF:5
FNH:0
FNDA:0,(anonymous_2)
FNDA:0,(anonymous_3)
FNDA:0,(anonymous_4)
FNDA:0,(anonymous_5)
FNDA:0,(anonymous_6)
DA:1,0
DA:2,0
DA:3,0
DA:6,0
DA:7,0
DA:9,0
DA:13,0
DA:14,0
DA:15,0
DA:16,0
DA:17,0
DA:19,0
DA:25,0
DA:32,0
DA:36,0
DA:37,0
DA:40,0
DA:42,0
DA:43,0
DA:44,0
DA:45,0
DA:47,0
DA:49,0
DA:56,0
DA:59,0
LF:25
LH:0
BRDA:44,0,0,0
BRDA:44,0,1,0
BRDA:45,1,0,0
BRDA:45,1,1,0
BRDA:47,2,0,0
BRDA:47,2,1,0
BRF:6
BRH:0
end_of_record
TN:
SF:src\modules\currency\currency.controller.ts
FN:11,(anonymous_4)
FN:15,(anonymous_5)
FN:25,(anonymous_6)
FNF:3
FNH:0
FNDA:0,(anonymous_4)
FNDA:0,(anonymous_5)
FNDA:0,(anonymous_6)
DA:1,0
DA:2,0
DA:3,0
DA:4,0
DA:5,0
DA:6,0
DA:10,0
DA:11,0
DA:15,0
DA:16,0
DA:17,0
DA:18,0
DA:25,0
DA:26,0
DA:32,0
LF:15
LH:0
BRDA:16,0,0,0
BRDA:16,0,1,0
BRF:2
BRH:0
end_of_record
TN:
SF:src\modules\currency\currency.cron.ts
FN:27,(anonymous_2)
FN:41,(anonymous_3)
FNF:2
FNH:0
FNDA:0,(anonymous_2)
FNDA:0,(anonymous_3)
DA:1,0
DA:2,0
DA:3,0
DA:10,0
DA:24,0
DA:25,0
DA:27,0
DA:41,0
DA:42,0
DA:43,0
LF:10
LH:0
BRF:0
BRH:0
end_of_record
TN:
SF:src\modules\currency\currency.dto.ts
FNF:0
FNH:0
DA:1,0
DA:3,0
DA:5,0
DA:8,0
DA:12,0
DA:15,0
DA:17,0
DA:20,0
DA:23,0
DA:26,0
LF:10
LH:0
BRF:0
BRH:0
end_of_record
TN:
SF:src\modules\currency\currency.module.ts
FNF:0
FNH:0
DA:1,0
DA:2,0
DA:3,0
DA:4,0
DA:11,0
LF:5
LH:0
BRF:0
BRH:0
end_of_record
TN:
SF:src\modules\currency\currency.service.ts
FN:12,(anonymous_2)
FN:19,(anonymous_3)
FN:64,(anonymous_4)
FN:89,(anonymous_5)
FN:105,(anonymous_6)
FN:115,(anonymous_7)
FN:125,(anonymous_8)
FN:139,(anonymous_9)
FN:147,(anonymous_10)
FN:163,(anonymous_11)
FN:171,(anonymous_12)
FN:193,(anonymous_13)
FN:221,(anonymous_14)
FN:228,(anonymous_15)
FNF:14
FNH:0
FNDA:0,(anonymous_2)
FNDA:0,(anonymous_3)
FNDA:0,(anonymous_4)
FNDA:0,(anonymous_5)
FNDA:0,(anonymous_6)
FNDA:0,(anonymous_7)
FNDA:0,(anonymous_8)
FNDA:0,(anonymous_9)
FNDA:0,(anonymous_10)
FNDA:0,(anonymous_11)
FNDA:0,(anonymous_12)
FNDA:0,(anonymous_13)
FNDA:0,(anonymous_14)
FNDA:0,(anonymous_15)
DA:1,15
DA:2,15
DA:7,15
DA:8,0
DA:10,0
DA:12,0
DA:20,0
DA:22,0
DA:23,0
DA:26,0
DA:27,0
DA:29,0
DA:30,0
DA:31,0
DA:34,0
DA:35,0
DA:38,0
DA:44,0
DA:45,0
DA:46,0
DA:47,0
DA:48,0
DA:49,0
DA:54,0
DA:55,0
DA:56,0
DA:68,0
DA:69,0
DA:72,0
DA:74,0
DA:75,0
DA:76,0
DA:77,0
DA:78,0
DA:79,0
DA:80,0
DA:81,0
DA:82,0
DA:85,0
DA:88,0
DA:90,0
DA:91,0
DA:92,0
DA:93,0
DA:95,0
DA:101,0
DA:102,0
DA:103,0
DA:104,0
DA:105,0
DA:106,0
DA:107,0
DA:116,0
DA:117,0
DA:126,0
DA:127,0
DA:128,0
DA:130,0
DA:131,0
DA:132,0
DA:133,0
DA:134,0
DA:135,0
DA:140,0
DA:148,0
DA:149,0
DA:150,0
DA:151,0
DA:153,0
DA:154,0
DA:156,0
DA:157,0
DA:159,0
DA:163,0
DA:170,0
DA:172,0
DA:181,0
DA:182,0
DA:183,0
DA:186,0
DA:194,0
DA:195,0
DA:196,0
DA:198,0
DA:199,0
DA:200,0
DA:201,0
DA:202,0
DA:203,0
DA:205,0
DA:210,0
DA:211,0
DA:213,0
DA:216,0
DA:222,0
DA:224,0
DA:225,0
DA:229,0
DA:230,0
DA:231,0
DA:233,0
DA:234,0
DA:235,0
DA:237,0
DA:238,0
DA:239,0
DA:241,0
DA:243,0
DA:249,0
DA:251,0
DA:252,0
LF:111
LH:3
BRDA:20,0,0,0
BRDA:20,0,1,0
BRDA:27,1,0,0
BRDA:27,1,1,0
BRDA:35,2,0,0
BRDA:35,2,1,0
BRDA:35,3,0,0
BRDA:35,3,1,0
BRDA:44,4,0,0
BRDA:44,4,1,0
BRDA:46,5,0,0
BRDA:46,5,1,0
BRDA:76,6,0,0
BRDA:76,6,1,0
BRDA:77,7,0,0
BRDA:77,7,1,0
BRDA:80,8,0,0
BRDA:80,8,1,0
BRDA:80,9,0,0
BRDA:80,9,1,0
BRDA:81,10,0,0
BRDA:81,10,1,0
BRDA:85,11,0,0
BRDA:85,11,1,0
BRDA:103,12,0,0
BRDA:103,12,1,0
BRDA:106,13,0,0
BRDA:106,13,1,0
BRDA:106,14,0,0
BRDA:106,14,1,0
BRDA:128,15,0,0
BRDA:128,15,1,0
BRDA:131,16,0,0
BRDA:131,16,1,0
BRDA:134,17,0,0
BRDA:134,17,1,0
BRDA:134,18,0,0
BRDA:134,18,1,0
BRDA:157,19,0,0
BRDA:157,19,1,0
BRDA:201,20,0,0
BRDA:201,20,1,0
BRDA:224,21,0,0
BRDA:224,21,1,0
BRDA:235,22,0,0
BRDA:235,22,1,0
BRDA:239,23,0,0
BRDA:239,23,1,0
BRF:48
BRH:0
end_of_record
TN:
SF:src\modules\data-requests\data-requests.controller.ts
FN:9,(anonymous_4)
FN:14,(anonymous_5)
FN:29,(anonymous_6)
FN:36,(anonymous_7)
FN:47,(anonymous_8)
FN:55,(anonymous_9)
FNF:6
FNH:0
FNDA:0,(anonymous_4)
FNDA:0,(anonymous_5)
FNDA:0,(anonymous_6)
FNDA:0,(anonymous_7)
FNDA:0,(anonymous_8)
FNDA:0,(anonymous_9)
DA:1,0
DA:2,0
DA:3,0
DA:4,0
DA:8,0
DA:9,0
DA:14,0
DA:18,0
DA:29,0
DA:30,0
DA:36,0
DA:41,0
DA:47,0
DA:48,0
DA:55,0
DA:56,0
LF:16
LH:0
BRDA:19,0,0,0
BRDA:19,0,1,0
BRDA:41,1,0,0
BRDA:41,1,1,0
BRDA:41,2,0,0
BRDA:41,2,1,0
BRF:6
BRH:0
end_of_record
TN:
SF:src\modules\data-requests\data-requests.module.ts
FNF:0
FNH:0
DA:1,0
DA:2,0
DA:3,0
DA:4,0
DA:11,0
LF:5
LH:0
BRF:0
BRH:0
end_of_record
TN:
SF:src\modules\data-requests\data-requests.service.ts
FN:8,(anonymous_2)
FN:13,(anonymous_3)
FN:42,(anonymous_4)
FN:46,(anonymous_5)
FN:50,(anonymous_6)
FN:54,(anonymous_7)
FN:77,(anonymous_8)
FN:81,(anonymous_9)
FNF:8
FNH:0
FNDA:0,(anonymous_2)
FNDA:0,(anonymous_3)
FNDA:0,(anonymous_4)
FNDA:0,(anonymous_5)
FNDA:0,(anonymous_6)
FNDA:0,(anonymous_7)
FNDA:0,(anonymous_8)
FNDA:0,(anonymous_9)
DA:1,0
DA:2,0
DA:3,0
DA:4,0
DA:7,0
DA:9,0
DA:10,0
DA:20,0
DA:30,0
DA:31,0
DA:39,0
DA:43,0
DA:44,0
DA:46,0
DA:50,0
DA:55,0
DA:61,0
DA:63,0
DA:66,0
DA:74,0
DA:78,0
DA:82,0
LF:22
LH:0
BRDA:22,0,0,0
BRDA:22,0,1,0
BRDA:25,1,0,0
BRDA:25,1,1,0
BRDA:26,2,0,0
BRDA:26,2,1,0
BRDA:30,3,0,0
BRDA:30,3,1,0
BRDA:42,4,0,0
BRDA:42,5,0,0
BRDA:43,6,0,0
BRDA:43,6,1,0
BRDA:57,7,0,0
BRDA:57,7,1,0
BRDA:61,8,0,0
BRDA:61,8,1,0
BRDA:61,9,0,0
BRDA:61,9,1,0
BRDA:61,9,2,0
BRDA:63,10,0,0
BRDA:63,10,1,0
BRDA:65,11,0,0
BRDA:65,11,1,0
BRDA:69,12,0,0
BRDA:69,12,1,0
BRF:25
BRH:0
end_of_record
TN:
SF:src\modules\editions\editions.controller.ts
FN:41,(anonymous_4)
FN:50,(anonymous_5)
FN:56,(anonymous_6)
FN:63,(anonymous_7)
FN:69,(anonymous_8)
FN:89,(anonymous_9)
FN:106,(anonymous_10)
FN:115,(anonymous_11)
FN:122,(anonymous_12)
FN:129,(anonymous_13)
FN:136,(anonymous_14)
FN:146,(anonymous_15)
FN:153,(anonymous_16)
FN:165,(anonymous_17)
FN:176,(anonymous_18)
FN:188,(anonymous_19)
FN:197,(anonymous_20)
FN:207,(anonymous_21)
FN:214,(anonymous_22)
FN:225,(anonymous_23)
FN:232,(anonymous_24)
FN:243,(anonymous_25)
FN:254,(anonymous_26)
FN:261,(anonymous_27)
FN:268,(anonymous_28)
FN:279,(anonymous_29)
FN:287,(anonymous_30)
FN:294,(anonymous_31)
FNF:28
FNH:0
FNDA:0,(anonymous_4)
FNDA:0,(anonymous_5)
FNDA:0,(anonymous_6)
FNDA:0,(anonymous_7)
FNDA:0,(anonymous_8)
FNDA:0,(anonymous_9)
FNDA:0,(anonymous_10)
FNDA:0,(anonymous_11)
FNDA:0,(anonymous_12)
FNDA:0,(anonymous_13)
FNDA:0,(anonymous_14)
FNDA:0,(anonymous_15)
FNDA:0,(anonymous_16)
FNDA:0,(anonymous_17)
FNDA:0,(anonymous_18)
FNDA:0,(anonymous_19)
FNDA:0,(anonymous_20)
FNDA:0,(anonymous_21)
FNDA:0,(anonymous_22)
FNDA:0,(anonymous_23)
FNDA:0,(anonymous_24)
FNDA:0,(anonymous_25)
FNDA:0,(anonymous_26)
FNDA:0,(anonymous_27)
FNDA:0,(anonymous_28)
FNDA:0,(anonymous_29)
FNDA:0,(anonymous_30)
FNDA:0,(anonymous_31)
DA:1,0
DA:12,0
DA:13,0
DA:14,0
DA:24,0
DA:25,0
DA:26,0
DA:27,0
DA:28,0
DA:29,0
DA:30,0
DA:31,0
DA:32,0
DA:36,0
DA:40,0
DA:42,0
DA:43,0
DA:44,0
DA:45,0
DA:50,0
DA:51,0
DA:56,0
DA:57,0
DA:63,0
DA:64,0
DA:69,0
DA:70,0
DA:71,0
DA:72,0
DA:73,0
DA:76,0
DA:83,0
DA:89,0
DA:90,0
DA:91,0
DA:94,0
DA:95,0
DA:99,0
DA:100,0
DA:106,0
DA:107,0
DA:108,0
DA:109,0
DA:115,0
DA:116,0
DA:122,0
DA:123,0
DA:129,0
DA:130,0
DA:136,0
DA:140,0
DA:146,0
DA:147,0
DA:153,0
DA:158,0
DA:165,0
DA:170,0
DA:176,0
DA:177,0
DA:178,0
DA:180,0
DA:181,0
DA:182,0
DA:188,0
DA:189,0
DA:190,0
DA:191,0
DA:197,0
DA:198,0
DA:199,0
DA:201,0
DA:207,0
DA:208,0
DA:214,0
DA:219,0
DA:225,0
DA:226,0
DA:232,0
DA:237,0
DA:243,0
DA:248,0
DA:254,0
DA:255,0
DA:261,0
DA:262,0
DA:268,0
DA:273,0
DA:279,0
DA:280,0
DA:287,0
DA:288,0
DA:294,0
DA:295,0
LF:93
LH:0
BRDA:71,0,0,0
BRDA:71,0,1,0
BRDA:73,1,0,0
BRDA:73,1,1,0
BRDA:75,2,0,0
BRDA:75,2,1,0
BRDA:90,3,0,0
BRDA:90,3,1,0
BRDA:90,4,0,0
BRDA:90,4,1,0
BRDA:96,5,0,0
BRDA:96,5,1,0
BRDA:177,6,0,0
BRDA:177,6,1,0
BRDA:198,7,0,0
BRDA:198,7,1,0
BRF:16
BRH:0
end_of_record
TN:
SF:src\modules\editions\editions.dto.ts
FN:163,(anonymous_2)
FN:169,(anonymous_3)
FN:200,(anonymous_4)
FN:216,(anonymous_5)
FN:222,(anonymous_6)
FN:238,(anonymous_7)
FN:244,(anonymous_8)
FNF:7
FNH:0
FNDA:0,(anonymous_2)
FNDA:0,(anonymous_3)
FNDA:0,(anonymous_4)
FNDA:0,(anonymous_5)
FNDA:0,(anonymous_6)
FNDA:0,(anonymous_7)
FNDA:0,(anonymous_8)
DA:1,0
DA:12,0
DA:13,0
DA:15,0
DA:17,0
DA:21,0
DA:25,0
DA:30,0
DA:34,0
DA:38,0
DA:42,0
DA:46,0
DA:50,0
DA:54,0
DA:58,0
DA:62,0
DA:66,0
DA:71,0
DA:75,0
DA:78,0
DA:81,0
DA:85,0
DA:90,0
DA:94,0
DA:98,0
DA:102,0
DA:106,0
DA:110,0
DA:114,0
DA:118,0
DA:122,0
DA:126,0
DA:129,0
DA:134,0
DA:138,0
DA:141,0
DA:143,0
DA:146,0
DA:148,0
DA:150,0
DA:154,0
DA:158,0
DA:161,0
DA:163,0
DA:166,0
DA:169,0
DA:173,0
DA:177,0
DA:181,0
DA:185,0
DA:189,0
DA:193,0
DA:197,0
DA:200,0
DA:202,0
DA:205,0
DA:208,0
DA:212,0
DA:216,0
DA:217,0
DA:222,0
DA:223,0
DA:226,0
DA:228,0
DA:231,0
DA:234,0
DA:238,0
DA:239,0
DA:244,0
DA:245,0
LF:70
LH:0
BRDA:200,0,0,0
BRDA:200,0,1,0
BRF:2
BRH:0
end_of_record
TN:
SF:src\modules\editions\editions.module.ts
FNF:0
FNH:0
DA:1,0
DA:2,0
DA:3,0
DA:4,0
[...]
BRDA:616,97,0,0
BRDA:616,97,1,0
BRDA:616,97,2,0
BRDA:622,98,0,0
BRDA:622,98,1,19
BRDA:622,99,0,19
BRDA:622,99,1,0
BRDA:625,100,0,0
BRDA:625,100,1,19
BRDA:625,101,0,19
BRDA:625,101,1,0
BRDA:630,102,0,0
BRDA:630,102,1,19
BRDA:632,103,0,0
BRDA:632,103,1,0
BRDA:641,104,0,0
BRDA:641,104,1,19
BRDA:656,105,0,0
BRDA:656,105,1,0
BRDA:662,106,0,0
BRDA:662,107,0,0
BRDA:662,108,0,0
BRDA:662,109,0,0
BRDA:666,110,0,0
BRDA:666,110,1,0
BRDA:672,111,0,0
BRDA:672,111,1,0
BRDA:674,112,0,0
BRDA:674,112,1,0
BRDA:674,113,0,0
BRDA:674,113,1,0
BRDA:682,114,0,0
BRDA:682,114,1,0
BRDA:691,115,0,0
BRDA:691,115,1,0
BRDA:692,116,0,0
BRDA:692,116,1,0
BRDA:699,117,0,0
BRDA:699,117,1,0
BRDA:708,118,0,0
BRDA:708,118,1,0
BRDA:710,119,0,0
BRDA:710,119,1,0
BRDA:716,120,0,0
BRDA:716,120,1,0
BRDA:718,121,0,0
BRDA:718,121,1,0
BRDA:725,122,0,0
BRDA:725,122,1,0
BRDA:787,123,0,0
BRDA:787,123,1,0
BRDA:799,124,0,0
BRDA:799,124,1,0
BRDA:800,125,0,0
BRDA:800,125,1,0
BRDA:801,126,0,0
BRDA:801,126,1,0
BRDA:802,127,0,0
BRDA:802,127,1,0
BRDA:803,128,0,0
BRDA:803,128,1,0
BRDA:826,129,0,0
BRDA:826,129,1,0
BRDA:828,130,0,0
BRDA:828,130,1,0
BRDA:828,131,0,0
BRDA:828,131,1,0
BRDA:831,132,0,0
BRDA:831,132,1,0
BRDA:831,133,0,0
BRDA:831,133,1,0
BRDA:839,134,0,0
BRDA:839,134,1,0
BRDA:854,135,0,0
BRDA:854,135,1,0
BRDA:870,136,0,0
BRDA:870,136,1,0
BRDA:890,137,0,0
BRDA:890,137,1,0
BRDA:891,138,0,0
BRDA:891,138,1,0
BRDA:892,139,0,0
BRDA:892,139,1,0
BRDA:900,140,0,0
BRDA:900,140,1,0
BRDA:900,141,0,0
BRDA:900,141,1,0
BRDA:903,142,0,0
BRDA:903,142,1,0
BRDA:904,143,0,0
BRDA:904,143,1,0
BRDA:940,144,0,0
BRDA:940,144,1,0
BRDA:976,145,0,2
BRDA:976,145,1,7
BRDA:981,146,0,0
BRDA:981,146,1,7
BRDA:981,147,0,7
BRDA:981,147,1,0
BRDA:987,148,0,0
BRDA:987,148,1,0
BRDA:991,149,0,7
BRDA:991,149,1,0
BRDA:999,150,0,0
BRDA:1000,151,0,0
BRDA:1006,152,0,0
BRDA:1006,152,1,0
BRDA:1011,153,0,2
BRDA:1011,153,1,5
BRDA:1064,154,0,7
BRDA:1064,154,1,0
BRDA:1068,155,0,0
BRDA:1068,155,1,7
BRDA:1068,156,0,7
BRDA:1068,156,1,2
BRDA:1075,157,0,0
BRDA:1075,157,1,0
BRDA:1079,158,0,7
BRDA:1079,158,1,0
BRDA:1079,158,2,0
BRDA:1080,159,0,7
BRDA:1080,159,1,0
BRDA:1081,160,0,1
BRDA:1081,160,1,6
BRDA:1082,161,0,7
BRDA:1082,161,1,0
BRDA:1083,162,0,7
BRDA:1083,162,1,0
BRDA:1089,163,0,0
BRDA:1089,163,1,0
BRDA:1090,164,0,0
BRDA:1090,164,1,0
BRDA:1091,165,0,0
BRDA:1091,165,1,0
BRDA:1091,165,2,0
BRDA:1092,166,0,0
BRDA:1092,166,1,0
BRDA:1103,167,0,0
BRDA:1103,167,1,7
BRDA:1105,168,0,0
BRDA:1105,168,1,0
BRDA:1108,169,0,5
BRDA:1108,169,1,2
BRDA:1115,170,0,5
BRDA:1115,170,1,0
BRDA:1121,171,0,0
BRDA:1121,171,1,5
BRDA:1121,172,0,5
BRDA:1121,172,1,0
BRDA:1124,173,0,0
BRDA:1124,173,1,0
BRDA:1126,174,0,5
BRDA:1126,174,1,0
BRDA:1130,175,0,7
BRDA:1130,175,1,0
BRDA:1131,176,0,7
BRDA:1131,176,1,6
BRDA:1138,177,0,5
BRDA:1138,177,1,2
BRDA:1139,178,0,7
BRDA:1139,178,1,0
BRDA:1187,179,0,2
BRDA:1187,179,1,1
BRDA:1203,180,0,0
BRDA:1209,181,0,0
BRDA:1209,181,1,0
BRDA:1211,182,0,0
BRDA:1211,182,1,0
BRDA:1215,183,0,0
BRDA:1215,183,1,0
BRDA:1220,184,0,0
BRDA:1220,184,1,0
BRDA:1238,185,0,0
BRDA:1238,185,1,0
BRDA:1239,186,0,0
BRDA:1239,186,1,0
BRDA:1240,187,0,0
BRDA:1240,187,1,0
BRDA:1242,188,0,0
BRDA:1242,188,1,0
BRDA:1250,189,0,0
BRDA:1250,189,1,0
BRDA:1250,189,2,0
BRDA:1258,190,0,0
BRDA:1258,190,1,0
BRDA:1264,191,0,0
BRDA:1264,191,1,0
BRDA:1264,192,0,0
BRDA:1264,192,1,0
BRDA:1266,193,0,0
BRDA:1266,193,1,0
BRDA:1269,194,0,0
BRDA:1269,194,1,0
BRDA:1276,195,0,0
BRDA:1276,195,1,0
BRDA:1276,196,0,0
BRDA:1276,196,1,0
BRDA:1278,197,0,0
BRDA:1278,197,1,0
BRDA:1279,198,0,0
BRDA:1279,198,1,0
BRDA:1287,199,0,0
BRDA:1287,199,1,0
BRDA:1295,200,0,0
BRDA:1295,200,1,0
BRDA:1295,201,0,0
BRDA:1295,201,1,0
BRDA:1301,202,0,0
BRDA:1301,202,1,0
BRDA:1315,203,0,0
BRDA:1315,203,1,0
BRDA:1321,204,0,0
BRDA:1321,204,1,0
BRDA:1334,205,0,11
BRDA:1339,206,0,2
BRDA:1339,206,1,11
BRDA:1371,207,0,2
BRDA:1371,207,1,9
BRDA:1382,208,0,9
BRDA:1382,208,1,8
BRDA:1383,209,0,9
BRDA:1383,209,1,8
BRDA:1399,210,0,6
BRDA:1399,210,1,10
BRDA:1399,211,0,16
BRDA:1399,211,1,14
BRDA:1399,211,2,4
BRDA:1399,211,3,6
BRDA:1400,212,0,6
BRDA:1400,212,1,2
BRDA:1400,213,0,2
BRDA:1400,213,1,0
BRDA:1402,214,0,1
BRDA:1402,214,1,5
BRDA:1402,215,0,6
BRDA:1402,215,1,6
BRDA:1408,216,0,0
BRDA:1408,216,1,1
BRDA:1413,217,0,0
BRDA:1413,217,1,0
BRDA:1418,218,0,1
BRDA:1418,218,1,0
BRDA:1420,219,0,2
BRDA:1420,219,1,2
BRDA:1433,220,0,3
BRDA:1433,220,1,7
BRDA:1438,221,0,1
BRDA:1438,221,1,2
BRDA:1440,222,0,0
BRDA:1440,222,1,2
BRDA:1444,223,0,0
BRDA:1444,223,1,0
BRDA:1449,224,0,1
BRDA:1449,224,1,1
BRDA:1450,225,0,1
BRDA:1450,225,1,1
BRDA:1465,226,0,1
BRDA:1465,226,1,6
BRDA:1467,227,0,2
BRDA:1467,227,1,4
BRDA:1469,228,0,4
BRDA:1469,228,1,1
BRDA:1471,229,0,1
BRDA:1471,229,1,5
BRDA:1476,230,0,1
BRDA:1476,230,1,0
BRDA:1481,231,0,1
BRDA:1481,231,1,5
BRDA:1483,232,0,1
BRDA:1483,232,1,1
BRDA:1489,233,0,2
BRDA:1489,233,1,4
BRDA:1497,234,0,4
BRDA:1497,234,1,2
BRDA:1508,235,0,0
BRDA:1526,236,0,4
BRDA:1526,236,1,0
BRDA:1527,237,0,2
BRDA:1527,237,1,2
BRDA:1537,238,0,2
BRDA:1537,238,1,0
BRDA:1537,238,2,0
BRDA:1546,239,0,0
BRDA:1546,239,1,2
BRDA:1562,240,0,1
BRDA:1562,240,1,5
BRDA:1567,241,0,5
BRDA:1567,241,1,1
BRDA:1568,242,0,5
BRDA:1568,242,1,1
BRDA:1569,243,0,5
BRDA:1569,243,1,1
BRDA:1570,244,0,5
BRDA:1570,244,1,0
BRDA:1570,245,0,0
BRDA:1570,245,1,0
BRDA:1575,246,0,1
BRDA:1575,246,1,4
BRDA:1579,247,0,2
BRDA:1579,247,1,3
BRDA:1584,248,0,1
BRDA:1584,248,1,1
BRDA:1589,249,0,1
BRDA:1589,249,1,0
BRDA:1590,250,0,1
BRDA:1590,250,1,1
BRDA:1606,251,0,2
BRDA:1606,251,1,11
BRDA:1612,252,0,3
BRDA:1612,252,1,8
BRDA:1612,253,0,11
BRDA:1612,253,1,3
BRDA:1614,254,0,3
BRDA:1614,254,1,0
BRDA:1620,255,0,11
BRDA:1620,255,1,0
BRDA:1622,256,0,11
BRDA:1622,256,1,0
BRDA:1624,257,0,11
BRDA:1624,257,1,0
BRDA:1634,258,0,11
BRDA:1634,258,1,0
BRDA:1634,258,2,0
BRDA:1634,258,3,0
BRDA:1635,259,0,0
BRDA:1635,259,1,0
BRDA:1643,260,0,11
BRDA:1643,260,1,0
BRDA:1646,261,0,11
BRDA:1646,261,1,0
BRDA:1649,262,0,11
BRDA:1649,262,1,0
BRDA:1659,263,0,1
BRDA:1659,263,1,10
BRDA:1667,264,0,0
BRDA:1667,264,1,1
BRDA:1667,265,0,1
BRDA:1667,265,1,0
BRDA:1667,265,2,0
BRDA:1667,265,3,0
BRDA:1671,266,0,1
BRDA:1671,266,1,1
BRDA:1672,267,0,0
BRDA:1672,267,1,1
BRDA:1679,268,0,1
BRDA:1679,268,1,1
BRDA:1679,268,2,0
BRDA:1680,269,0,1
BRDA:1680,269,1,1
BRDA:1681,270,0,0
BRDA:1681,270,1,1
BRDA:1681,271,0,0
BRDA:1681,271,1,0
BRDA:1690,272,0,0
BRDA:1690,272,1,10
BRDA:1694,273,0,0
BRDA:1694,273,1,0
BRDA:1705,274,0,0
BRDA:1705,274,1,10
BRDA:1706,275,0,0
BRDA:1706,275,1,10
BRDA:1707,276,0,10
BRDA:1707,276,1,10
BRDA:1707,276,2,0
BRDA:1709,277,0,10
BRDA:1709,277,1,0
BRDA:1713,278,0,10
BRDA:1713,278,1,3
BRDA:1714,279,0,3
BRDA:1714,279,1,0
BRDA:1715,280,0,3
BRDA:1715,280,1,3
BRDA:1721,281,0,0
BRDA:1721,281,1,10
BRDA:1726,282,0,0
BRDA:1726,282,1,0
BRDA:1731,283,0,0
BRDA:1731,283,1,0
BRDA:1732,284,0,0
BRDA:1732,284,1,0
BRDA:1752,285,0,0
BRDA:1752,285,1,10
BRDA:1752,286,0,10
BRDA:1752,286,1,0
BRDA:1753,287,0,0
BRDA:1753,287,1,0
BRDA:1753,288,0,0
BRDA:1753,288,1,0
BRDA:1758,289,0,10
BRDA:1758,289,1,10
BRDA:1760,290,0,0
BRDA:1760,290,1,10
BRDA:1767,291,0,0
BRDA:1767,291,1,10
BRDA:1767,292,0,10
BRDA:1767,292,1,0
BRDA:1767,292,2,0
BRDA:1767,292,3,0
BRDA:1776,293,0,7
BRDA:1776,293,1,3
BRDA:1784,294,0,41
BRDA:1784,295,0,41
BRDA:1785,296,0,0
BRDA:1785,296,1,52
BRDA:1789,297,0,52
BRDA:1789,297,1,49
BRDA:1794,298,0,0
BRDA:1794,298,1,52
BRDA:1801,299,0,0
BRDA:1801,299,1,52
BRDA:1801,300,0,52
BRDA:1801,300,1,52
BRDA:1801,300,2,30
BRDA:1848,301,0,0
BRDA:1848,302,0,0
BRDA:1849,303,0,0
BRDA:1849,303,1,0
BRDA:1849,304,0,0
BRDA:1849,304,1,0
BRDA:1852,305,0,0
BRDA:1852,305,1,0
BRDA:1858,306,0,0
BRDA:1858,306,1,0
BRDA:1864,307,0,0
BRDA:1864,307,1,0
BRDA:1864,308,0,0
BRDA:1864,308,1,0
BRDA:1864,308,2,0
BRDA:1907,309,0,0
BRDA:1907,309,1,0
BRDA:1911,310,0,0
BRDA:1911,310,1,0
BRDA:1911,311,0,0
BRDA:1911,311,1,0
BRDA:1918,312,0,0
BRDA:1918,312,1,0
BRDA:1941,313,0,0
BRDA:1946,314,0,0
BRDA:1946,314,1,0
BRDA:1950,315,0,0
BRDA:1950,315,1,0
BRDA:1953,316,0,0
BRDA:1953,316,1,0
BRDA:1954,317,0,0
BRDA:1954,317,1,0
BRDA:1977,318,0,0
BRDA:1977,318,1,0
BRDA:1977,319,0,0
BRDA:1977,319,1,0
BRDA:1980,320,0,0
BRDA:1980,320,1,0
BRDA:1999,321,0,0
BRDA:1999,321,1,0
BRDA:2000,322,0,0
BRDA:2000,322,1,0
BRDA:2001,323,0,0
BRDA:2001,323,1,0
BRDA:2015,324,0,0
BRDA:2015,324,1,0
BRDA:2015,324,2,0
BRDA:2027,325,0,0
BRDA:2027,325,1,0
BRDA:2028,326,0,0
BRDA:2028,326,1,0
BRDA:2034,327,0,0
BRDA:2034,327,1,0
BRDA:2041,328,0,0
BRDA:2041,328,1,0
BRDA:2067,329,0,0
BRDA:2067,329,1,75
BRDA:2074,330,0,75
BRDA:2074,330,1,0
BRDA:2109,331,0,1
BRDA:2109,331,1,41
BRDA:2117,332,0,41
BRDA:2117,332,1,1
BRDA:2118,333,0,41
BRDA:2118,333,1,0
BRDA:2119,334,0,41
BRDA:2119,334,1,0
BRDA:2120,335,0,41
BRDA:2120,335,1,0
BRDA:2121,336,0,41
BRDA:2121,336,1,0
BRDA:2126,337,0,10
BRDA:2126,337,1,31
BRDA:2138,338,0,0
BRDA:2138,338,1,41
BRDA:2140,339,0,0
BRDA:2140,339,1,0
BRDA:2142,340,0,0
BRDA:2142,340,1,0
BRDA:2144,341,0,0
BRDA:2144,341,1,0
BRDA:2146,342,0,0
BRDA:2146,342,1,0
BRDA:2153,343,0,0
BRDA:2153,343,1,0
BRDA:2154,344,0,0
BRDA:2154,344,1,0
BRDA:2155,345,0,0
BRDA:2155,345,1,0
BRDA:2157,346,0,0
BRDA:2157,346,1,0
BRDA:2177,347,0,0
BRDA:2177,347,1,0
BRDA:2177,348,0,0
BRDA:2177,348,1,0
BRDA:2182,349,0,0
BRDA:2182,349,1,0
BRDA:2182,350,0,0
BRDA:2182,350,1,0
BRDA:2182,350,2,0
BRDA:2203,351,0,0
BRDA:2203,351,1,0
BRDA:2203,352,0,0
BRDA:2203,352,1,0
BRDA:2203,352,2,0
BRDA:2209,353,0,0
BRDA:2209,353,1,0
BRDA:2213,354,0,0
BRDA:2213,354,1,0
BRDA:2213,355,0,0
BRDA:2213,355,1,0
BRDA:2213,356,0,0
BRDA:2213,356,1,0
BRDA:2214,357,0,0
BRDA:2214,357,1,0
BRDA:2214,358,0,0
BRDA:2214,358,1,0
BRDA:2217,359,0,0
BRDA:2217,359,1,0
BRDA:2228,360,0,0
BRDA:2228,360,1,0
BRDA:2236,361,0,0
BRDA:2236,361,1,0
BRDA:2237,362,0,0
BRDA:2237,362,1,0
BRDA:2253,363,0,0
BRDA:2253,363,1,0
BRDA:2262,364,0,0
BRDA:2262,364,1,0
BRDA:2264,365,0,0
BRDA:2264,365,1,0
BRDA:2265,366,0,0
BRDA:2265,366,1,0
BRDA:2271,367,0,0
BRDA:2271,367,1,0
BRDA:2279,368,0,0
BRDA:2279,368,1,0
BRDA:2286,369,0,0
BRDA:2286,369,1,0
BRDA:2299,370,0,0
BRDA:2299,370,1,0
BRDA:2302,371,0,0
BRDA:2302,371,1,0
BRDA:2303,372,0,0
BRDA:2303,372,1,0
BRDA:2313,373,0,0
BRDA:2313,373,1,0
BRDA:2317,374,0,0
BRDA:2317,374,1,0
BRDA:2317,375,0,0
BRDA:2317,375,1,0
BRDA:2322,376,0,0
BRDA:2322,376,1,0
BRDA:2322,376,2,0
BRDA:2332,377,0,0
BRDA:2332,377,1,0
BRDA:2334,378,0,0
BRDA:2334,378,1,0
BRDA:2368,379,0,41
BRDA:2368,379,1,0
BRDA:2373,380,0,41
BRDA:2373,380,1,0
BRDA:2379,381,0,2
BRDA:2379,381,1,39
BRDA:2379,382,0,41
BRDA:2379,382,1,2
BRDA:2382,383,0,2
BRDA:2382,383,1,1
BRDA:2382,384,0,3
BRDA:2382,384,1,1
BRDA:2382,384,2,1
BRDA:2382,384,3,1
BRDA:2386,385,0,2
BRDA:2386,385,1,0
BRDA:2401,386,0,0
BRDA:2401,386,1,68
BRDA:2407,387,0,1
BRDA:2407,387,1,67
BRDA:2407,388,0,1
BRDA:2407,388,1,0
BRDA:2407,389,0,67
BRDA:2407,389,1,1
BRDA:2408,390,0,2
BRDA:2408,390,1,66
BRDA:2408,391,0,68
BRDA:2408,391,1,2
BRDA:2411,392,0,64
BRDA:2411,392,1,2
BRDA:2421,393,0,75
BRDA:2421,393,1,75
BRDA:2429,394,0,28
BRDA:2429,394,1,40
BRDA:2431,395,0,40
BRDA:2431,395,1,0
BRDA:2434,396,0,28
BRDA:2434,396,1,40
BRDA:2435,397,0,11
BRDA:2435,397,1,17
BRDA:2436,398,0,3
BRDA:2436,398,1,37
BRDA:2437,399,0,28
BRDA:2437,399,1,40
BRDA:2447,400,0,68
BRDA:2447,400,1,0
BRDA:2454,401,0,28
BRDA:2454,401,1,40
BRDA:2454,402,0,68
BRDA:2454,402,1,28
BRDA:2456,403,0,13
BRDA:2456,403,1,15
BRDA:2460,404,0,13
BRDA:2460,404,1,0
BRDA:2462,405,0,13
BRDA:2462,405,1,0
BRDA:2468,406,0,13
BRDA:2468,406,1,9
BRDA:2487,407,0,5
BRDA:2487,407,1,23
BRDA:2492,408,0,3
BRDA:2492,408,1,2
BRDA:2502,409,0,0
BRDA:2502,409,1,28
BRDA:2507,410,0,0
BRDA:2507,410,1,0
BRDA:2518,411,0,2
BRDA:2518,411,1,2
BRDA:2519,412,0,1
BRDA:2519,412,1,74
BRDA:2522,413,0,1
BRDA:2522,413,1,0
BRDA:2533,414,0,75
BRDA:2533,414,1,75
BRDA:2533,414,2,75
BRDA:2535,415,0,75
BRDA:2535,415,1,71
BRDA:2545,416,0,63
BRDA:2545,416,1,5
BRDA:2545,417,0,68
BRDA:2545,417,1,28
BRDA:2546,418,0,63
BRDA:2546,418,1,0
BRDA:2548,419,0,3
BRDA:2548,419,1,1
BRDA:2549,420,0,1
BRDA:2549,420,1,2
BRDA:2556,421,0,2
BRDA:2556,421,1,0
BRDA:2566,422,0,3
BRDA:2566,422,1,38
BRDA:2574,423,0,0
BRDA:2574,423,1,41
BRDA:2583,424,0,41
BRDA:2583,424,1,0
BRDA:2589,425,0,41
BRDA:2589,425,1,40
BRDA:2591,426,0,0
BRDA:2591,426,1,41
BRDA:2594,427,0,0
BRDA:2594,427,1,0
BRDA:2598,428,0,41
BRDA:2598,428,1,0
BRDA:2601,429,0,2
BRDA:2601,429,1,2
BRDA:2602,430,0,0
BRDA:2602,430,1,0
BRDA:2610,431,0,0
BRDA:2610,431,1,1
BRDA:2610,432,0,1
BRDA:2610,432,1,0
BRDA:2615,433,0,1
BRDA:2615,433,1,0
BRDA:2615,433,2,0
BRDA:2625,434,0,1
BRDA:2625,434,1,0
BRDA:2627,435,0,1
BRDA:2627,435,1,0
BRDA:2652,436,0,0
BRDA:2652,436,1,0
BRDA:2655,437,0,0
BRDA:2655,437,1,0
BRDA:2659,438,0,0
BRDA:2659,438,1,0
BRDA:2687,439,0,0
BRDA:2687,439,1,1
BRDA:2689,440,0,0
BRDA:2689,440,1,0
BRDA:2689,440,2,0
BRDA:2689,440,3,1
BRDA:2694,441,0,0
BRDA:2694,441,1,0
BRDA:2697,442,0,0
BRDA:2697,442,1,0
BRDA:2700,443,0,0
BRDA:2700,443,1,0
BRDA:2707,444,0,0
BRDA:2707,444,1,0
BRDA:2722,445,0,0
BRDA:2722,445,1,0
BRDA:2728,446,0,0
BRDA:2728,446,1,0
BRDA:2740,447,0,0
BRDA:2740,447,1,0
BRDA:2754,448,0,0
BRDA:2754,448,1,0
BRDA:2763,449,0,0
BRDA:2763,449,1,0
BRDA:2791,450,0,0
BRDA:2791,450,1,0
BRDA:2803,451,0,0
BRDA:2803,451,1,0
BRDA:2803,452,0,0
BRDA:2803,452,1,0
BRDA:2814,453,0,0
BRDA:2814,453,1,0
BRDA:2814,454,0,0
BRDA:2814,454,1,0
BRDA:2817,455,0,0
BRDA:2817,455,1,0
BRDA:2824,456,0,0
BRDA:2824,456,1,0
BRDA:2862,457,0,0
BRDA:2862,457,1,0
BRDA:2869,458,0,0
BRDA:2869,458,1,0
BRDA:2870,459,0,0
BRDA:2870,459,1,0
BRDA:2872,460,0,0
BRDA:2872,460,1,0
BRDA:2873,461,0,0
BRDA:2873,461,1,0
BRDA:2876,462,0,0
BRDA:2876,462,1,0
BRDA:2882,463,0,0
BRDA:2882,463,1,0
BRDA:2883,464,0,0
BRDA:2883,464,1,0
BRDA:2884,465,0,0
BRDA:2884,465,1,0
BRDA:2887,466,0,0
BRDA:2887,466,1,0
BRDA:2888,467,0,0
BRDA:2888,467,1,0
BRDA:2893,468,0,0
BRDA:2893,468,1,0
BRDA:2901,469,0,0
BRDA:2901,469,1,0
BRDA:2910,470,0,0
BRDA:2910,470,1,0
BRDA:2910,471,0,0
BRDA:2910,471,1,0
BRDA:2933,472,0,0
BRDA:2933,472,1,0
BRDA:2982,473,0,7
BRDA:2982,473,1,5
BRDA:2987,474,0,7
BRDA:2987,474,1,5
BRDA:2997,475,0,0
BRDA:2997,475,1,0
BRDA:2998,476,0,0
BRDA:2998,476,1,0
BRDA:3001,477,0,0
BRDA:3001,477,1,0
BRDA:3010,478,0,1
BRDA:3010,478,1,5
BRDA:3011,479,0,1
BRDA:3011,479,1,4
BRDA:3012,480,0,1
BRDA:3012,480,1,3
BRDA:3012,481,0,4
BRDA:3012,481,1,2
BRDA:3033,482,0,19
BRDA:3033,482,1,0
BRDA:3034,483,0,0
BRDA:3034,483,1,0
BRDA:3042,484,0,0
BRDA:3042,484,1,0
BRDA:3043,485,0,0
BRDA:3043,485,1,0
BRDA:3069,486,0,0
BRDA:3069,486,1,0
BRDA:3070,487,0,0
BRDA:3070,487,1,0
BRDA:3071,488,0,0
BRDA:3071,488,1,0
BRDA:3079,489,0,0
BRDA:3079,489,1,0
BRDA:3079,490,0,0
BRDA:3079,490,1,0
BRDA:3085,491,0,0
BRDA:3085,491,1,0
BRDA:3086,492,0,0
BRDA:3086,492,1,0
BRDA:3087,493,0,0
BRDA:3087,493,1,0
BRDA:3088,494,0,0
BRDA:3088,494,1,0
BRDA:3088,495,0,0
BRDA:3088,495,1,0
BRDA:3089,496,0,0
BRDA:3089,496,1,0
BRDA:3089,497,0,0
BRDA:3089,497,1,0
BRDA:3090,498,0,0
BRDA:3090,498,1,0
BRDA:3090,499,0,0
BRDA:3090,499,1,0
BRDA:3098,500,0,0
BRDA:3098,500,1,0
BRDA:3098,501,0,0
BRDA:3098,501,1,0
BRDA:3108,502,0,0
BRDA:3108,502,1,0
BRDA:3109,503,0,0
BRDA:3109,503,1,0
BRDA:3110,504,0,0
BRDA:3110,504,1,0
BRDA:3111,505,0,0
BRDA:3111,505,1,0
BRDA:3124,506,0,0
BRDA:3124,506,1,0
BRDA:3139,507,0,0
BRDA:3139,507,1,0
BRDA:3145,508,0,0
BRDA:3145,508,1,0
BRF:1033
BRH:322
end_of_record
TN:
SF:src\modules\tracking\tracking.controller.ts
FN:10,(anonymous_4)
FN:16,(anonymous_5)
FNF:2
FNH:0
FNDA:0,(anonymous_4)
FNDA:0,(anonymous_5)
DA:1,0
DA:2,0
DA:3,0
DA:4,0
DA:9,0
DA:10,0
DA:16,0
DA:22,0
DA:23,0
DA:28,0
DA:30,0
DA:38,0
LF:12
LH:0
BRDA:22,0,0,0
BRDA:22,0,1,0
BRDA:23,1,0,0
BRDA:23,1,1,0
BRDA:28,2,0,0
BRDA:28,2,1,0
BRDA:28,2,2,0
BRDA:32,3,0,0
BRDA:32,3,1,0
BRDA:33,4,0,0
BRDA:33,4,1,0
BRDA:35,5,0,0
BRDA:35,5,1,0
BRF:13
BRH:0
end_of_record
TN:
SF:src\modules\tracking\tracking.module.ts
FNF:0
FNH:0
DA:1,0
DA:2,0
DA:3,0
DA:9,0
LF:4
LH:0
BRF:0
BRH:0
end_of_record
TN:
SF:src\modules\typesense\typesense.module.ts
FNF:0
FNH:0
DA:1,0
DA:2,0
DA:9,0
LF:3
LH:0
BRF:0
BRH:0
end_of_record
TN:
SF:src\modules\typesense\typesense.service.ts
FN:88,(anonymous_1)
FN:108,(anonymous_2)
FN:131,(anonymous_3)
FN:135,(anonymous_4)
FN:144,(anonymous_5)
FN:153,(anonymous_6)
FNF:6
FNH:0
FNDA:0,(anonymous_1)
FNDA:0,(anonymous_2)
FNDA:0,(anonymous_3)
FNDA:0,(anonymous_4)
FNDA:0,(anonymous_5)
FNDA:0,(anonymous_6)
DA:1,8
DA:2,8
DA:5,8
DA:83,8
DA:84,0
DA:86,0
DA:89,0
DA:90,0
DA:91,0
DA:93,0
DA:94,0
DA:95,0
DA:98,0
DA:105,0
DA:109,0
DA:110,0
DA:111,0
DA:113,0
DA:114,0
DA:117,0
DA:118,0
DA:119,0
DA:121,0
DA:122,0
DA:123,0
DA:125,0
DA:132,0
DA:136,0
DA:137,0
DA:138,0
DA:140,0
DA:145,0
DA:146,0
DA:147,0
DA:149,0
DA:156,0
DA:157,0
LF:37
LH:4
BRDA:89,0,0,0
BRDA:89,0,1,0
BRDA:90,1,0,0
BRDA:90,1,1,0
BRDA:91,2,0,0
BRDA:91,2,1,0
BRDA:93,3,0,0
BRDA:93,3,1,0
BRDA:136,4,0,0
BRDA:136,4,1,0
BRDA:145,5,0,0
BRDA:145,5,1,0
BRDA:157,6,0,0
BRDA:157,6,1,0
BRF:14
BRH:0
end_of_record
TN:
SF:src\modules\upload\upload.controller.ts
FN:30,(anonymous_4)
FN:34,(anonymous_5)
FN:42,(anonymous_6)
FN:55,(anonymous_7)
FNF:4
FNH:0
FNDA:0,(anonymous_4)
FNDA:0,(anonymous_5)
FNDA:0,(anonymous_6)
FNDA:0,(anonymous_7)
DA:1,0
DA:2,0
DA:3,0
DA:4,0
DA:5,0
DA:6,0
DA:7,0
DA:11,0
DA:15,0
DA:21,0
DA:24,0
DA:29,0
DA:30,0
DA:34,0
DA:35,0
DA:36,0
DA:42,0
DA:46,0
DA:47,0
DA:49,0
DA:55,0
DA:56,0
LF:22
LH:0
BRDA:35,0,0,0
BRDA:35,0,1,0
BRDA:46,1,0,0
BRDA:46,1,1,0
BRF:4
BRH:0
end_of_record
TN:
SF:src\modules\upload\upload.module.ts
FNF:0
FNH:0
DA:1,0
DA:2,0
DA:3,0
DA:10,0
LF:4
LH:0
BRF:0
BRH:0
end_of_record
TN:
SF:src\modules\upload\upload.service.ts
FN:8,validateUploadUrl
FN:29,normalizePublicId
FN:37,(anonymous_4)
FN:45,(anonymous_5)
FN:49,(anonymous_6)
FN:58,(anonymous_7)
FN:67,(anonymous_8)
FN:84,(anonymous_9)
FN:95,(anonymous_10)
FN:99,(anonymous_11)
FN:100,(anonymous_12)
FN:102,(anonymous_13)
FNF:12
FNH:0
FNDA:0,validateUploadUrl
FNDA:0,normalizePublicId
FNDA:0,(anonymous_4)
FNDA:0,(anonymous_5)
FNDA:0,(anonymous_6)
FNDA:0,(anonymous_7)
FNDA:0,(anonymous_8)
FNDA:0,(anonymous_9)
FNDA:0,(anonymous_10)
FNDA:0,(anonymous_11)
FNDA:0,(anonymous_12)
FNDA:0,(anonymous_13)
DA:1,8
DA:2,8
DA:4,8
DA:6,8
DA:10,0
DA:11,0
DA:13,0
DA:15,0
DA:16,0
DA:18,0
DA:19,0
DA:23,8
DA:30,0
DA:31,0
DA:32,0
DA:36,8
DA:38,0
DA:46,0
DA:47,0
DA:49,0
DA:50,0
DA:59,0
DA:60,0
DA:63,0
DA:69,0
DA:70,0
DA:71,0
DA:72,0
DA:75,0
DA:81,0
DA:85,0
DA:86,0
DA:92,0
DA:96,0
DA:100,0
DA:101,0
DA:102,0
LF:37
LH:6
BRDA:15,0,0,0
BRDA:15,0,1,0
BRDA:18,1,0,0
BRDA:18,1,1,0
BRDA:46,2,0,0
BRDA:46,2,1,0
BRDA:59,3,0,0
BRDA:59,3,1,0
BRDA:59,4,0,0
BRDA:59,4,1,0
BRDA:69,5,0,0
BRDA:69,5,1,0
BRDA:71,6,0,0
BRDA:71,6,1,0
BRDA:100,7,0,0
BRDA:100,7,1,0
BRDA:101,8,0,0
BRDA:101,8,1,0
BRF:18
BRH:0
end_of_record
TN:
SF:src\prisma\prisma.module.ts
FNF:0
FNH:0
DA:1,0
DA:2,0
DA:9,0
LF:3
LH:0
BRF:0
BRH:0
end_of_record
TN:
SF:src\prisma\prisma.service.ts
FN:6,(anonymous_2)
FN:14,(anonymous_3)
FN:18,(anonymous_4)
FNF:3
FNH:0
FNDA:0,(anonymous_2)
FNDA:0,(anonymous_3)
FNDA:0,(anonymous_4)
DA:1,19
DA:2,19
DA:5,19
DA:7,0
DA:15,0
DA:19,0
LF:6
LH:3
BRDA:8,0,0,0
BRDA:8,0,1,0
BRF:2
BRH:0
end_of_record
TN:
SF:src\scripts\typesense-reindex.ts
FN:15,main
FN:39,(anonymous_1)
FN:67,(anonymous_2)
FN:116,formatInterval
FN:175,(anonymous_4)
FNF:5
FNH:0
FNDA:0,main
FNDA:0,(anonymous_1)
FNDA:0,(anonymous_2)
FNDA:0,formatInterval
FNDA:0,(anonymous_4)
DA:10,0
DA:11,0
DA:12,0
DA:13,0
DA:16,0
DA:19,0
DA:20,0
DA:22,0
DA:23,0
DA:34,0
DA:35,0
DA:39,0
DA:44,0
DA:46,0
DA:47,0
DA:62,0
DA:63,0
DA:67,0
DA:74,0
DA:76,0
DA:77,0
DA:80,0
DA:81,0
DA:88,0
DA:90,0
DA:91,0
DA:94,0
DA:95,0
DA:102,0
DA:104,0
DA:105,0
DA:117,0
DA:118,0
DA:119,0
DA:120,0
DA:123,0
DA:124,0
DA:133,0
DA:135,0
DA:136,0
DA:139,0
DA:140,0
DA:147,0
DA:149,0
DA:150,0
DA:158,0
DA:159,0
DA:169,0
DA:171,0
DA:172,0
DA:175,0
DA:176,0
DA:177,0
LF:53
LH:0
BRDA:38,0,0,0
BRDA:38,0,1,0
BRDA:68,1,0,0
BRDA:68,1,1,0
BRDA:69,2,0,0
BRDA:69,2,1,0
BRDA:70,3,0,0
BRDA:70,3,1,0
BRDA:85,4,0,0
BRDA:85,4,1,0
BRDA:99,5,0,0
BRDA:99,5,1,0
BRDA:117,6,0,0
BRDA:117,6,1,0
BRDA:118,7,0,0
BRDA:118,7,1,0
BRDA:119,8,0,0
BRDA:119,8,1,0
BRDA:128,9,0,0
BRDA:128,9,1,0
BRDA:129,10,0,0
BRDA:129,10,1,0
BRDA:144,11,0,0
BRDA:144,11,1,0
BRDA:162,12,0,0
BRDA:162,12,1,0
BRDA:163,13,0,0
BRDA:163,13,1,0
BRDA:164,14,0,0
BRDA:164,14,1,0
BRF:30
BRH:0
end_of_record
